# JRE version: Java(TM) SE Runtime Environment (17.0.12+8) (build 17.0.12+8-LTS-286)
# Java VM: Java HotSpot(TM) 64-Bit Server VM (17.0.12+8-LTS-286, mixed mode, sharing, tiered, compressed oops, compressed class ptrs, g1 gc, windows-amd64)
GC Precious Log:
 CPUs: 12 total, 12 available
 Memory: 7502M
 Large Page Support: Disabled
 NUMA Support: Disabled
 Compressed Oops: Enabled (32-bit)
 Heap Region Size: 1M
 Heap Min Capacity: 8M
 Heap Initial Capacity: 118M
 Heap Max Capacity: 2G
 Pre-touch: Disabled
 Parallel Workers: 10
 Concurrent Workers: 3
 Concurrent Refinement Workers: 10
 Periodic GC: Disabled
Heap:
 garbage-first heap   total 314368K, used 167780K [0x0000000080000000, 0x0000000100000000)
  region size 1024K, 5 young (5120K), 5 survivors (5120K)
 Metaspace       used 163102K, committed 164096K, reserved 1245184K
  class space    used 21209K, committed 21696K, reserved 1048576K
GC Heap History (20 events):
Event: 30.432 GC heap after
{Heap after GC invocations=45 (full 0):
 garbage-first heap   total 314368K, used 156838K [0x0000000080000000, 0x0000000100000000)
  region size 1024K, 2 young (2048K), 2 survivors (2048K)
 Metaspace       used 134687K, committed 135552K, reserved 1179648K
  class space    used 17526K, committed 17920K, reserved 1048576K
}
Event: 32.018 GC heap before
{Heap before GC invocations=45 (full 0):
 garbage-first heap   total 314368K, used 254118K [0x0000000080000000, 0x0000000100000000)
  region size 1024K, 97 young (99328K), 2 survivors (2048K)
 Metaspace       used 137309K, committed 138176K, reserved 1179648K
  class space    used 17650K, committed 18048K, reserved 1048576K
}
Event: 32.026 GC heap after
{Heap after GC invocations=46 (full 0):
 garbage-first heap   total 314368K, used 167271K [0x0000000080000000, 0x0000000100000000)
  region size 1024K, 12 young (12288K), 12 survivors (12288K)
 Metaspace       used 137309K, committed 138176K, reserved 1179648K
  class space    used 17650K, committed 18048K, reserved 1048576K
}
Event: 33.397 GC heap before
{Heap before GC invocations=47 (full 0):
 garbage-first heap   total 314368K, used 256359K [0x0000000080000000, 0x0000000100000000)
  region size 1024K, 98 young (100352K), 12 survivors (12288K)
 Metaspace       used 143975K, committed 144896K, reserved 1179648K
  class space    used 18579K, committed 19008K, reserved 1048576K
}
Event: 33.404 GC heap after
{Heap after GC invocations=48 (full 0):
 garbage-first heap   total 314368K, used 170532K [0x0000000080000000, 0x0000000100000000)
  region size 1024K, 4 young (4096K), 4 survivors (4096K)
 Metaspace       used 143975K, committed 144896K, reserved 1179648K
  class space    used 18579K, committed 19008K, reserved 1048576K
}
Event: 33.585 GC heap before
{Heap before GC invocations=48 (full 0):
 garbage-first heap   total 314368K, used 181796K [0x0000000080000000, 0x0000000100000000)
  region size 1024K, 15 young (15360K), 4 survivors (4096K)
 Metaspace       used 144812K, committed 145664K, reserved 1179648K
  class space    used 18754K, committed 19136K, reserved 1048576K
}
Event: 33.591 GC heap after
{Heap after GC invocations=49 (full 0):
 garbage-first heap   total 314368K, used 169016K [0x0000000080000000, 0x0000000100000000)
  region size 1024K, 2 young (2048K), 2 survivors (2048K)
 Metaspace       used 144812K, committed 145664K, reserved 1179648K
  class space    used 18754K, committed 19136K, reserved 1048576K
}
Event: 34.852 GC heap before
{Heap before GC invocations=49 (full 0):
 garbage-first heap   total 314368K, used 259128K [0x0000000080000000, 0x0000000100000000)
  region size 1024K, 90 young (92160K), 2 survivors (2048K)
 Metaspace       used 150793K, committed 151744K, reserved 1245184K
  class space    used 19650K, committed 20096K, reserved 1048576K
}
Event: 34.858 GC heap after
{Heap after GC invocations=50 (full 0):
 garbage-first heap   total 314368K, used 165413K [0x0000000080000000, 0x0000000100000000)
  region size 1024K, 5 young (5120K), 5 survivors (5120K)
 Metaspace       used 150793K, committed 151744K, reserved 1245184K
  class space    used 19650K, committed 20096K, reserved 1048576K
}
Event: 36.332 GC heap before
{Heap before GC invocations=51 (full 0):
 garbage-first heap   total 314368K, used 253477K [0x0000000080000000, 0x0000000100000000)
  region size 1024K, 98 young (100352K), 5 survivors (5120K)
 Metaspace       used 157558K, committed 158528K, reserved 1245184K
  class space    used 20590K, committed 21056K, reserved 1048576K
}
Event: 36.339 GC heap after
{Heap after GC invocations=52 (full 0):
 garbage-first heap   total 314368K, used 165506K [0x0000000080000000, 0x0000000100000000)
  region size 1024K, 11 young (11264K), 11 survivors (11264K)
 Metaspace       used 157558K, committed 158528K, reserved 1245184K
  class space    used 20590K, committed 21056K, reserved 1048576K
}
Event: 36.379 GC heap before
{Heap before GC invocations=52 (full 0):
 garbage-first heap   total 314368K, used 169602K [0x0000000080000000, 0x0000000100000000)
  region size 1024K, 15 young (15360K), 11 survivors (11264K)
 Metaspace       used 157771K, committed 158784K, reserved 1245184K
  class space    used 20606K, committed 21120K, reserved 1048576K
}
Event: 36.389 GC heap after
{Heap after GC invocations=53 (full 0):
 garbage-first heap   total 314368K, used 157119K [0x0000000080000000, 0x0000000100000000)
  region size 1024K, 2 young (2048K), 2 survivors (2048K)
 Metaspace       used 157771K, committed 158784K, reserved 1245184K
  class space    used 20606K, committed 21120K, reserved 1048576K
}
Event: 36.473 GC heap before
{Heap before GC invocations=53 (full 0):
 garbage-first heap   total 314368K, used 163263K [0x0000000080000000, 0x0000000100000000)
  region size 1024K, 10 young (10240K), 2 survivors (2048K)
 Metaspace       used 158153K, committed 159168K, reserved 1245184K
  class space    used 20637K, committed 21120K, reserved 1048576K
}
Event: 36.476 GC heap after
{Heap after GC invocations=54 (full 0):
 garbage-first heap   total 314368K, used 158999K [0x0000000080000000, 0x0000000100000000)
  region size 1024K, 4 young (4096K), 4 survivors (4096K)
 Metaspace       used 158153K, committed 159168K, reserved 1245184K
  class space    used 20637K, committed 21120K, reserved 1048576K
}
Event: 45.522 GC heap before
{Heap before GC invocations=55 (full 0):
 garbage-first heap   total 314368K, used 235799K [0x0000000080000000, 0x0000000100000000)
  region size 1024K, 75 young (76800K), 4 survivors (4096K)
 Metaspace       used 162280K, committed 163328K, reserved 1245184K
  class space    used 21076K, committed 21568K, reserved 1048576K
}
Event: 45.530 GC heap after
{Heap after GC invocations=56 (full 0):
 garbage-first heap   total 314368K, used 166091K [0x0000000080000000, 0x0000000100000000)
  region size 1024K, 10 young (10240K), 10 survivors (10240K)
 Metaspace       used 162280K, committed 163328K, reserved 1245184K
  class space    used 21076K, committed 21568K, reserved 1048576K
}
Event: 45.547 GC heap before
{Heap before GC invocations=56 (full 0):
 garbage-first heap   total 314368K, used 170187K [0x0000000080000000, 0x0000000100000000)
  region size 1024K, 15 young (15360K), 10 survivors (10240K)
 Metaspace       used 162280K, committed 163328K, reserved 1245184K
  class space    used 21076K, committed 21568K, reserved 1048576K
}
Event: 45.555 GC heap after
{Heap after GC invocations=57 (full 0):
 garbage-first heap   total 314368K, used 164708K [0x0000000080000000, 0x0000000100000000)
  region size 1024K, 2 young (2048K), 2 survivors (2048K)
 Metaspace       used 162280K, committed 163328K, reserved 1245184K
  class space    used 21076K, committed 21568K, reserved 1048576K
}
Event: 49.532 GC heap before
{Heap before GC invocations=57 (full 0):
 garbage-first heap   total 314368K, used 238436K [0x0000000080000000, 0x0000000100000000)
  region size 1024K, 74 young (75776K), 2 survivors (2048K)
 Metaspace       used 163102K, committed 164096K, reserved 1245184K
  class space    used 21209K, committed 21696K, reserved 1048576K
}

