# JRE version: Java(TM) SE Runtime Environment (17.0.12+8) (build 17.0.12+8-LTS-286)
# Java VM: Java HotSpot(TM) 64-Bit Server VM (17.0.12+8-LTS-286, mixed mode, sharing, tiered, compressed oops, compressed class ptrs, g1 gc, windows-amd64)
GC Precious Log:
 CPUs: 12 total, 12 available
 Memory: 7502M
 Large Page Support: Disabled
 NUMA Support: Disabled
 Compressed Oops: Enabled (32-bit)
 Heap Region Size: 1M
 Heap Min Capacity: 8M
 Heap Initial Capacity: 118M
 Heap Max Capacity: 2G
 Pre-touch: Disabled
 Parallel Workers: 10
 Concurrent Workers: 3
 Concurrent Refinement Workers: 10
 Periodic GC: Disabled
Heap:
 garbage-first heap   total 393216K, used 245741K [0x0000000080000000, 0x0000000100000000)
  region size 1024K, 33 young (33792K), 9 survivors (9216K)
 Metaspace       used 133923K, committed 135232K, reserved 1179648K
  class space    used 17773K, committed 18432K, reserved 1048576K
GC Heap History (20 events):
Event: 55.188 GC heap before
{Heap before GC invocations=47 (full 0):
 garbage-first heap   total 393216K, used 319147K [0x0000000080000000, 0x0000000100000000)
  region size 1024K, 166 young (169984K), 14 survivors (14336K)
 Metaspace       used 96203K, committed 97216K, reserved 1179648K
  class space    used 13194K, committed 13696K, reserved 1048576K
}
Event: 55.199 GC heap after
{Heap after GC invocations=48 (full 0):
 garbage-first heap   total 393216K, used 168625K [0x0000000080000000, 0x0000000100000000)
  region size 1024K, 7 young (7168K), 7 survivors (7168K)
 Metaspace       used 96203K, committed 97216K, reserved 1179648K
  class space    used 13194K, committed 13696K, reserved 1048576K
}
Event: 56.916 GC heap before
{Heap before GC invocations=48 (full 0):
 garbage-first heap   total 393216K, used 233137K [0x0000000080000000, 0x0000000100000000)
  region size 1024K, 72 young (73728K), 7 survivors (7168K)
 Metaspace       used 97149K, committed 98176K, reserved 1179648K
  class space    used 13279K, committed 13760K, reserved 1048576K
}
Event: 56.922 GC heap after
{Heap after GC invocations=49 (full 0):
 garbage-first heap   total 393216K, used 171307K [0x0000000080000000, 0x0000000100000000)
  region size 1024K, 10 young (10240K), 10 survivors (10240K)
 Metaspace       used 97149K, committed 98176K, reserved 1179648K
  class space    used 13279K, committed 13760K, reserved 1048576K
}
Event: 67.351 GC heap before
{Heap before GC invocations=50 (full 0):
 garbage-first heap   total 393216K, used 318763K [0x0000000080000000, 0x0000000100000000)
  region size 1024K, 152 young (155648K), 10 survivors (10240K)
 Metaspace       used 109358K, committed 110528K, reserved 1179648K
  class space    used 14830K, committed 15424K, reserved 1048576K
}
Event: 67.363 GC heap after
{Heap after GC invocations=51 (full 0):
 garbage-first heap   total 393216K, used 179882K [0x0000000080000000, 0x0000000100000000)
  region size 1024K, 18 young (18432K), 18 survivors (18432K)
 Metaspace       used 109358K, committed 110528K, reserved 1179648K
  class space    used 14830K, committed 15424K, reserved 1048576K
}
Event: 67.412 GC heap before
{Heap before GC invocations=51 (full 0):
 garbage-first heap   total 393216K, used 180906K [0x0000000080000000, 0x0000000100000000)
  region size 1024K, 19 young (19456K), 18 survivors (18432K)
 Metaspace       used 109358K, committed 110528K, reserved 1179648K
  class space    used 14830K, committed 15424K, reserved 1048576K
}
Event: 67.426 GC heap after
{Heap after GC invocations=52 (full 0):
 garbage-first heap   total 393216K, used 178910K [0x0000000080000000, 0x0000000100000000)
  region size 1024K, 3 young (3072K), 3 survivors (3072K)
 Metaspace       used 109358K, committed 110528K, reserved 1179648K
  class space    used 14830K, committed 15424K, reserved 1048576K
}
Event: 72.112 GC heap before
{Heap before GC invocations=52 (full 0):
 garbage-first heap   total 393216K, used 320222K [0x0000000080000000, 0x0000000100000000)
  region size 1024K, 141 young (144384K), 3 survivors (3072K)
 Metaspace       used 112109K, committed 113216K, reserved 1179648K
  class space    used 15232K, committed 15744K, reserved 1048576K
}
Event: 72.127 GC heap after
{Heap after GC invocations=53 (full 0):
 garbage-first heap   total 393216K, used 186852K [0x0000000080000000, 0x0000000100000000)
  region size 1024K, 11 young (11264K), 11 survivors (11264K)
 Metaspace       used 112109K, committed 113216K, reserved 1179648K
  class space    used 15232K, committed 15744K, reserved 1048576K
}
Event: 84.578 GC heap before
{Heap before GC invocations=53 (full 0):
 garbage-first heap   total 393216K, used 319972K [0x0000000080000000, 0x0000000100000000)
  region size 1024K, 142 young (145408K), 11 survivors (11264K)
 Metaspace       used 123971K, committed 125120K, reserved 1179648K
  class space    used 16594K, committed 17152K, reserved 1048576K
}
Event: 84.591 GC heap after
{Heap after GC invocations=54 (full 0):
 garbage-first heap   total 393216K, used 196278K [0x0000000080000000, 0x0000000100000000)
  region size 1024K, 10 young (10240K), 10 survivors (10240K)
 Metaspace       used 123971K, committed 125120K, reserved 1179648K
  class space    used 16594K, committed 17152K, reserved 1048576K
}
Event: 101.464 GC heap before
{Heap before GC invocations=54 (full 0):
 garbage-first heap   total 393216K, used 322230K [0x0000000080000000, 0x0000000100000000)
  region size 1024K, 134 young (137216K), 10 survivors (10240K)
 Metaspace       used 128840K, committed 130176K, reserved 1179648K
  class space    used 17106K, committed 17792K, reserved 1048576K
}
Event: 101.501 GC heap after
{Heap after GC invocations=55 (full 0):
 garbage-first heap   total 393216K, used 205464K [0x0000000080000000, 0x0000000100000000)
  region size 1024K, 9 young (9216K), 9 survivors (9216K)
 Metaspace       used 128840K, committed 130176K, reserved 1179648K
  class space    used 17106K, committed 17792K, reserved 1048576K
}
Event: 104.513 GC heap before
{Heap before GC invocations=56 (full 0):
 garbage-first heap   total 393216K, used 324248K [0x0000000080000000, 0x0000000100000000)
  region size 1024K, 126 young (129024K), 9 survivors (9216K)
 Metaspace       used 130993K, committed 132288K, reserved 1179648K
  class space    used 17452K, committed 18112K, reserved 1048576K
}
Event: 104.558 GC heap after
{Heap after GC invocations=57 (full 0):
 garbage-first heap   total 393216K, used 216773K [0x0000000080000000, 0x0000000100000000)
  region size 1024K, 11 young (11264K), 11 survivors (11264K)
 Metaspace       used 130993K, committed 132288K, reserved 1179648K
  class space    used 17452K, committed 18112K, reserved 1048576K
}
Event: 104.931 GC heap before
{Heap before GC invocations=57 (full 0):
 garbage-first heap   total 393216K, used 223941K [0x0000000080000000, 0x0000000100000000)
  region size 1024K, 19 young (19456K), 11 survivors (11264K)
 Metaspace       used 131921K, committed 133184K, reserved 1179648K
  class space    used 17545K, committed 18176K, reserved 1048576K
}
Event: 104.980 GC heap after
{Heap after GC invocations=58 (full 0):
 garbage-first heap   total 393216K, used 216696K [0x0000000080000000, 0x0000000100000000)
  region size 1024K, 2 young (2048K), 2 survivors (2048K)
 Metaspace       used 131921K, committed 133184K, reserved 1179648K
  class space    used 17545K, committed 18176K, reserved 1048576K
}
Event: 107.121 GC heap before
{Heap before GC invocations=58 (full 0):
 garbage-first heap   total 393216K, used 324216K [0x0000000080000000, 0x0000000100000000)
  region size 1024K, 108 young (110592K), 2 survivors (2048K)
 Metaspace       used 133711K, committed 135104K, reserved 1179648K
  class space    used 17746K, committed 18432K, reserved 1048576K
}
Event: 107.130 GC heap after
{Heap after GC invocations=59 (full 0):
 garbage-first heap   total 393216K, used 223213K [0x0000000080000000, 0x0000000100000000)
  region size 1024K, 9 young (9216K), 9 survivors (9216K)
 Metaspace       used 133711K, committed 135104K, reserved 1179648K
  class space    used 17746K, committed 18432K, reserved 1048576K
}

