# JRE version: Java(TM) SE Runtime Environment (17.0.12+8) (build 17.0.12+8-LTS-286)
# Java VM: Java HotSpot(TM) 64-Bit Server VM (17.0.12+8-LTS-286, mixed mode, sharing, tiered, compressed oops, compressed class ptrs, g1 gc, windows-amd64)
GC Precious Log:
 CPUs: 12 total, 12 available
 Memory: 7502M
 Large Page Support: Disabled
 NUMA Support: Disabled
 Compressed Oops: Enabled (32-bit)
 Heap Region Size: 1M
 Heap Min Capacity: 8M
 Heap Initial Capacity: 118M
 Heap Max Capacity: 2G
 Pre-touch: Disabled
 Parallel Workers: 10
 Concurrent Workers: 3
 Concurrent Refinement Workers: 10
 Periodic GC: Disabled
Heap:
 garbage-first heap   total 130048K, used 79758K [0x0000000080000000, 0x0000000100000000)
  region size 1024K, 8 young (8192K), 2 survivors (2048K)
 Metaspace       used 45788K, committed 46464K, reserved 1114112K
  class space    used 6393K, committed 6656K, reserved 1048576K
GC Heap History (20 events):
Event: 6.174 GC heap before
{Heap before GC invocations=10 (full 0):
 garbage-first heap   total 89088K, used 69473K [0x0000000080000000, 0x0000000100000000)
  region size 1024K, 28 young (28672K), 4 survivors (4096K)
 Metaspace       used 35322K, committed 35840K, reserved 1114112K
  class space    used 5065K, committed 5312K, reserved 1048576K
}
Event: 6.177 GC heap after
{Heap after GC invocations=11 (full 0):
 garbage-first heap   total 89088K, used 48654K [0x0000000080000000, 0x0000000100000000)
  region size 1024K, 4 young (4096K), 4 survivors (4096K)
 Metaspace       used 35322K, committed 35840K, reserved 1114112K
  class space    used 5065K, committed 5312K, reserved 1048576K
}
Event: 6.279 GC heap before
{Heap before GC invocations=11 (full 0):
 garbage-first heap   total 89088K, used 65038K [0x0000000080000000, 0x0000000100000000)
  region size 1024K, 22 young (22528K), 4 survivors (4096K)
 Metaspace       used 35817K, committed 36352K, reserved 1114112K
  class space    used 5115K, committed 5376K, reserved 1048576K
}
Event: 6.282 GC heap after
{Heap after GC invocations=12 (full 0):
 garbage-first heap   total 89088K, used 50913K [0x0000000080000000, 0x0000000100000000)
  region size 1024K, 3 young (3072K), 3 survivors (3072K)
 Metaspace       used 35817K, committed 36352K, reserved 1114112K
  class space    used 5115K, committed 5376K, reserved 1048576K
}
Event: 6.680 GC heap before
{Heap before GC invocations=13 (full 0):
 garbage-first heap   total 97280K, used 76513K [0x0000000080000000, 0x0000000100000000)
  region size 1024K, 23 young (23552K), 3 survivors (3072K)
 Metaspace       used 38791K, committed 39296K, reserved 1114112K
  class space    used 5463K, committed 5696K, reserved 1048576K
}
Event: 6.683 GC heap after
{Heap after GC invocations=14 (full 0):
 garbage-first heap   total 116736K, used 51887K [0x0000000080000000, 0x0000000100000000)
  region size 1024K, 2 young (2048K), 2 survivors (2048K)
 Metaspace       used 38791K, committed 39296K, reserved 1114112K
  class space    used 5463K, committed 5696K, reserved 1048576K
}
Event: 7.228 GC heap before
{Heap before GC invocations=14 (full 0):
 garbage-first heap   total 116736K, used 82607K [0x0000000080000000, 0x0000000100000000)
  region size 1024K, 33 young (33792K), 2 survivors (2048K)
 Metaspace       used 41659K, committed 42176K, reserved 1114112K
  class space    used 5946K, committed 6208K, reserved 1048576K
}
Event: 7.231 GC heap after
{Heap after GC invocations=15 (full 0):
 garbage-first heap   total 116736K, used 54198K [0x0000000080000000, 0x0000000100000000)
  region size 1024K, 4 young (4096K), 4 survivors (4096K)
 Metaspace       used 41659K, committed 42176K, reserved 1114112K
  class space    used 5946K, committed 6208K, reserved 1048576K
}
Event: 7.438 GC heap before
{Heap before GC invocations=15 (full 0):
 garbage-first heap   total 116736K, used 69558K [0x0000000080000000, 0x0000000100000000)
  region size 1024K, 18 young (18432K), 4 survivors (4096K)
 Metaspace       used 42013K, committed 42624K, reserved 1114112K
  class space    used 5965K, committed 6272K, reserved 1048576K
}
Event: 7.441 GC heap after
{Heap after GC invocations=16 (full 0):
 garbage-first heap   total 116736K, used 59577K [0x0000000080000000, 0x0000000100000000)
  region size 1024K, 6 young (6144K), 6 survivors (6144K)
 Metaspace       used 42013K, committed 42624K, reserved 1114112K
  class space    used 5965K, committed 6272K, reserved 1048576K
}
Event: 7.597 GC heap before
{Heap before GC invocations=17 (full 0):
 garbage-first heap   total 116736K, used 70841K [0x0000000080000000, 0x0000000100000000)
  region size 1024K, 12 young (12288K), 6 survivors (6144K)
 Metaspace       used 42214K, committed 42816K, reserved 1114112K
  class space    used 6008K, committed 6272K, reserved 1048576K
}
Event: 7.600 GC heap after
{Heap after GC invocations=18 (full 0):
 garbage-first heap   total 116736K, used 67387K [0x0000000080000000, 0x0000000100000000)
  region size 1024K, 3 young (3072K), 3 survivors (3072K)
 Metaspace       used 42214K, committed 42816K, reserved 1114112K
  class space    used 6008K, committed 6272K, reserved 1048576K
}
Event: 7.680 GC heap before
{Heap before GC invocations=19 (full 0):
 garbage-first heap   total 126976K, used 77627K [0x0000000080000000, 0x0000000100000000)
  region size 1024K, 8 young (8192K), 3 survivors (3072K)
 Metaspace       used 42553K, committed 43200K, reserved 1114112K
  class space    used 6031K, committed 6336K, reserved 1048576K
}
Event: 7.683 GC heap after
{Heap after GC invocations=20 (full 0):
 garbage-first heap   total 126976K, used 74380K [0x0000000080000000, 0x0000000100000000)
  region size 1024K, 3 young (3072K), 3 survivors (3072K)
 Metaspace       used 42553K, committed 43200K, reserved 1114112K
  class space    used 6031K, committed 6336K, reserved 1048576K
}
Event: 7.899 GC heap before
{Heap before GC invocations=21 (full 0):
 garbage-first heap   total 130048K, used 93836K [0x0000000080000000, 0x0000000100000000)
  region size 1024K, 21 young (21504K), 3 survivors (3072K)
 Metaspace       used 44283K, committed 44928K, reserved 1114112K
  class space    used 6170K, committed 6464K, reserved 1048576K
}
Event: 7.900 GC heap after
{Heap after GC invocations=22 (full 0):
 garbage-first heap   total 130048K, used 74228K [0x0000000080000000, 0x0000000100000000)
  region size 1024K, 2 young (2048K), 2 survivors (2048K)
 Metaspace       used 44283K, committed 44928K, reserved 1114112K
  class space    used 6170K, committed 6464K, reserved 1048576K
}
Event: 7.908 GC heap before
{Heap before GC invocations=22 (full 0):
 garbage-first heap   total 130048K, used 78324K [0x0000000080000000, 0x0000000100000000)
  region size 1024K, 6 young (6144K), 2 survivors (2048K)
 Metaspace       used 44283K, committed 44928K, reserved 1114112K
  class space    used 6170K, committed 6464K, reserved 1048576K
}
Event: 7.909 GC heap after
{Heap after GC invocations=23 (full 0):
 garbage-first heap   total 130048K, used 73755K [0x0000000080000000, 0x0000000100000000)
  region size 1024K, 1 young (1024K), 1 survivors (1024K)
 Metaspace       used 44283K, committed 44928K, reserved 1114112K
  class space    used 6170K, committed 6464K, reserved 1048576K
}
Event: 8.088 GC heap before
{Heap before GC invocations=23 (full 0):
 garbage-first heap   total 130048K, used 96283K [0x0000000080000000, 0x0000000100000000)
  region size 1024K, 23 young (23552K), 1 survivors (1024K)
 Metaspace       used 45088K, committed 45760K, reserved 1114112K
  class space    used 6310K, committed 6592K, reserved 1048576K
}
Event: 8.091 GC heap after
{Heap after GC invocations=24 (full 0):
 garbage-first heap   total 130048K, used 74638K [0x0000000080000000, 0x0000000100000000)
  region size 1024K, 2 young (2048K), 2 survivors (2048K)
 Metaspace       used 45088K, committed 45760K, reserved 1114112K
  class space    used 6310K, committed 6592K, reserved 1048576K
}

