# JRE version: Java(TM) SE Runtime Environment (17.0.12+8) (build 17.0.12+8-LTS-286)
# Java VM: Java HotSpot(TM) 64-Bit Server VM (17.0.12+8-LTS-286, mixed mode, sharing, tiered, compressed oops, compressed class ptrs, g1 gc, windows-amd64)
GC Precious Log:
 CPUs: 12 total, 12 available
 Memory: 7502M
 Large Page Support: Disabled
 NUMA Support: Disabled
 Compressed Oops: Enabled (32-bit)
 Heap Region Size: 1M
 Heap Min Capacity: 8M
 Heap Initial Capacity: 118M
 Heap Max Capacity: 2G
 Pre-touch: Disabled
 Parallel Workers: 10
 Concurrent Workers: 3
 Concurrent Refinement Workers: 10
 Periodic GC: Disabled
Heap:
 garbage-first heap   total 217088K, used 127979K [0x0000000080000000, 0x0000000100000000)
  region size 1024K, 6 young (6144K), 6 survivors (6144K)
 Metaspace       used 101054K, committed 101952K, reserved 1179648K
  class space    used 14014K, committed 14464K, reserved 1048576K
GC Heap History (20 events):
Event: 28.274 GC heap after
{Heap after GC invocations=35 (full 0):
 garbage-first heap   total 192512K, used 110060K [0x0000000080000000, 0x0000000100000000)
  region size 1024K, 8 young (8192K), 8 survivors (8192K)
 Metaspace       used 96447K, committed 97408K, reserved 1179648K
  class space    used 13336K, committed 13824K, reserved 1048576K
}
Event: 28.328 GC heap before
{Heap before GC invocations=35 (full 0):
 garbage-first heap   total 192512K, used 111084K [0x0000000080000000, 0x0000000100000000)
  region size 1024K, 9 young (9216K), 8 survivors (8192K)
 Metaspace       used 96453K, committed 97408K, reserved 1179648K
  class space    used 13337K, committed 13824K, reserved 1048576K
}
Event: 28.336 GC heap after
{Heap after GC invocations=36 (full 0):
 garbage-first heap   total 192512K, used 109259K [0x0000000080000000, 0x0000000100000000)
  region size 1024K, 1 young (1024K), 1 survivors (1024K)
 Metaspace       used 96453K, committed 97408K, reserved 1179648K
  class space    used 13337K, committed 13824K, reserved 1048576K
}
Event: 28.834 GC heap before
{Heap before GC invocations=36 (full 0):
 garbage-first heap   total 192512K, used 157387K [0x0000000080000000, 0x0000000100000000)
  region size 1024K, 49 young (50176K), 1 survivors (1024K)
 Metaspace       used 96579K, committed 97472K, reserved 1179648K
  class space    used 13343K, committed 13824K, reserved 1048576K
}
Event: 28.840 GC heap after
{Heap after GC invocations=37 (full 0):
 garbage-first heap   total 192512K, used 112975K [0x0000000080000000, 0x0000000100000000)
  region size 1024K, 5 young (5120K), 5 survivors (5120K)
 Metaspace       used 96579K, committed 97472K, reserved 1179648K
  class space    used 13343K, committed 13824K, reserved 1048576K
}
Event: 29.564 GC heap before
{Heap before GC invocations=38 (full 0):
 garbage-first heap   total 203776K, used 157007K [0x0000000080000000, 0x0000000100000000)
  region size 1024K, 49 young (50176K), 5 survivors (5120K)
 Metaspace       used 96860K, committed 97792K, reserved 1179648K
  class space    used 13406K, committed 13888K, reserved 1048576K
}
Event: 29.571 GC heap after
{Heap after GC invocations=39 (full 0):
 garbage-first heap   total 203776K, used 115075K [0x0000000080000000, 0x0000000100000000)
  region size 1024K, 5 young (5120K), 5 survivors (5120K)
 Metaspace       used 96860K, committed 97792K, reserved 1179648K
  class space    used 13406K, committed 13888K, reserved 1048576K
}
Event: 29.592 GC heap before
{Heap before GC invocations=39 (full 0):
 garbage-first heap   total 203776K, used 118147K [0x0000000080000000, 0x0000000100000000)
  region size 1024K, 9 young (9216K), 5 survivors (5120K)
 Metaspace       used 96862K, committed 97792K, reserved 1179648K
  class space    used 13406K, committed 13888K, reserved 1048576K
}
Event: 29.596 GC heap after
{Heap after GC invocations=40 (full 0):
 garbage-first heap   total 203776K, used 113263K [0x0000000080000000, 0x0000000100000000)
  region size 1024K, 2 young (2048K), 2 survivors (2048K)
 Metaspace       used 96862K, committed 97792K, reserved 1179648K
  class space    used 13406K, committed 13888K, reserved 1048576K
}
Event: 30.445 GC heap before
{Heap before GC invocations=40 (full 0):
 garbage-first heap   total 203776K, used 165487K [0x0000000080000000, 0x0000000100000000)
  region size 1024K, 54 young (55296K), 2 survivors (2048K)
 Metaspace       used 97215K, committed 98176K, reserved 1179648K
  class space    used 13459K, committed 13952K, reserved 1048576K
}
Event: 30.450 GC heap after
{Heap after GC invocations=41 (full 0):
 garbage-first heap   total 203776K, used 117334K [0x0000000080000000, 0x0000000100000000)
  region size 1024K, 6 young (6144K), 6 survivors (6144K)
 Metaspace       used 97215K, committed 98176K, reserved 1179648K
  class space    used 13459K, committed 13952K, reserved 1048576K
}
Event: 31.025 GC heap before
{Heap before GC invocations=41 (full 0):
 garbage-first heap   total 203776K, used 166486K [0x0000000080000000, 0x0000000100000000)
  region size 1024K, 55 young (56320K), 6 survivors (6144K)
 Metaspace       used 97547K, committed 98432K, reserved 1179648K
  class space    used 13509K, committed 13952K, reserved 1048576K
}
Event: 31.031 GC heap after
{Heap after GC invocations=42 (full 0):
 garbage-first heap   total 203776K, used 119014K [0x0000000080000000, 0x0000000100000000)
  region size 1024K, 5 young (5120K), 5 survivors (5120K)
 Metaspace       used 97547K, committed 98432K, reserved 1179648K
  class space    used 13509K, committed 13952K, reserved 1048576K
}
Event: 31.411 GC heap before
{Heap before GC invocations=42 (full 0):
 garbage-first heap   total 203776K, used 166118K [0x0000000080000000, 0x0000000100000000)
  region size 1024K, 52 young (53248K), 5 survivors (5120K)
 Metaspace       used 98349K, committed 99264K, reserved 1179648K
  class space    used 13627K, committed 14080K, reserved 1048576K
}
Event: 31.417 GC heap after
{Heap after GC invocations=43 (full 0):
 garbage-first heap   total 203776K, used 121650K [0x0000000080000000, 0x0000000100000000)
  region size 1024K, 5 young (5120K), 5 survivors (5120K)
 Metaspace       used 98349K, committed 99264K, reserved 1179648K
  class space    used 13627K, committed 14080K, reserved 1048576K
}
Event: 31.795 GC heap before
{Heap before GC invocations=44 (full 0):
 garbage-first heap   total 217088K, used 165682K [0x0000000080000000, 0x0000000100000000)
  region size 1024K, 49 young (50176K), 5 survivors (5120K)
 Metaspace       used 98982K, committed 99968K, reserved 1179648K
  class space    used 13711K, committed 14208K, reserved 1048576K
}
Event: 31.802 GC heap after
{Heap after GC invocations=45 (full 0):
 garbage-first heap   total 217088K, used 125019K [0x0000000080000000, 0x0000000100000000)
  region size 1024K, 6 young (6144K), 6 survivors (6144K)
 Metaspace       used 98982K, committed 99968K, reserved 1179648K
  class space    used 13711K, committed 14208K, reserved 1048576K
}
Event: 31.890 GC heap before
{Heap before GC invocations=45 (full 0):
 garbage-first heap   total 217088K, used 128091K [0x0000000080000000, 0x0000000100000000)
  region size 1024K, 10 young (10240K), 6 survivors (6144K)
 Metaspace       used 99164K, committed 100096K, reserved 1179648K
  class space    used 13734K, committed 14208K, reserved 1048576K
}
Event: 31.895 GC heap after
{Heap after GC invocations=46 (full 0):
 garbage-first heap   total 217088K, used 124175K [0x0000000080000000, 0x0000000100000000)
  region size 1024K, 2 young (2048K), 2 survivors (2048K)
 Metaspace       used 99164K, committed 100096K, reserved 1179648K
  class space    used 13734K, committed 14208K, reserved 1048576K
}
Event: 32.685 GC heap before
{Heap before GC invocations=46 (full 0):
 garbage-first heap   total 217088K, used 177423K [0x0000000080000000, 0x0000000100000000)
  region size 1024K, 55 young (56320K), 2 survivors (2048K)
 Metaspace       used 101054K, committed 101952K, reserved 1179648K
  class space    used 14014K, committed 14464K, reserved 1048576K
}

