# JRE version: Java(TM) SE Runtime Environment (17.0.12+8) (build 17.0.12+8-LTS-286)
# Java VM: Java HotSpot(TM) 64-Bit Server VM (17.0.12+8-LTS-286, mixed mode, sharing, tiered, compressed oops, compressed class ptrs, g1 gc, windows-amd64)
GC Precious Log:
 CPUs: 12 total, 12 available
 Memory: 7502M
 Large Page Support: Disabled
 NUMA Support: Disabled
 Compressed Oops: Enabled (32-bit)
 Heap Region Size: 1M
 Heap Min Capacity: 8M
 Heap Initial Capacity: 118M
 Heap Max Capacity: 2G
 Pre-touch: Disabled
 Parallel Workers: 10
 Concurrent Workers: 3
 Concurrent Refinement Workers: 10
 Periodic GC: Disabled
Heap:
 garbage-first heap   total 89088K, used 64686K [0x0000000080000000, 0x0000000100000000)
  region size 1024K, 40 young (40960K), 6 survivors (6144K)
 Metaspace       used 33712K, committed 34112K, reserved 1114112K
  class space    used 4763K, committed 4928K, reserved 1048576K
GC Heap History (14 events):
Event: 0.469 GC heap before
{Heap before GC invocations=0 (full 0):
 garbage-first heap   total 120832K, used 23552K [0x0000000080000000, 0x0000000100000000)
  region size 1024K, 23 young (23552K), 0 survivors (0K)
 Metaspace       used 1069K, committed 1216K, reserved 1114112K
  class space    used 73K, committed 128K, reserved 1048576K
}
Event: 0.473 GC heap after
{Heap after GC invocations=1 (full 0):
 garbage-first heap   total 120832K, used 3192K [0x0000000080000000, 0x0000000100000000)
  region size 1024K, 3 young (3072K), 3 survivors (3072K)
 Metaspace       used 1069K, committed 1216K, reserved 1114112K
  class space    used 73K, committed 128K, reserved 1048576K
}
Event: 1.280 GC heap before
{Heap before GC invocations=1 (full 0):
 garbage-first heap   total 120832K, used 40056K [0x0000000080000000, 0x0000000100000000)
  region size 1024K, 36 young (36864K), 3 survivors (3072K)
 Metaspace       used 4383K, committed 4544K, reserved 1114112K
  class space    used 542K, committed 640K, reserved 1048576K
}
Event: 1.287 GC heap after
{Heap after GC invocations=2 (full 0):
 garbage-first heap   total 120832K, used 11366K [0x0000000080000000, 0x0000000100000000)
  region size 1024K, 5 young (5120K), 5 survivors (5120K)
 Metaspace       used 4383K, committed 4544K, reserved 1114112K
  class space    used 542K, committed 640K, reserved 1048576K
}
Event: 1.980 GC heap before
{Heap before GC invocations=2 (full 0):
 garbage-first heap   total 120832K, used 59494K [0x0000000080000000, 0x0000000100000000)
  region size 1024K, 50 young (51200K), 5 survivors (5120K)
 Metaspace       used 4599K, committed 4736K, reserved 1114112K
  class space    used 560K, committed 640K, reserved 1048576K
}
Event: 1.986 GC heap after
{Heap after GC invocations=3 (full 0):
 garbage-first heap   total 120832K, used 16196K [0x0000000080000000, 0x0000000100000000)
  region size 1024K, 5 young (5120K), 5 survivors (5120K)
 Metaspace       used 4599K, committed 4736K, reserved 1114112K
  class space    used 560K, committed 640K, reserved 1048576K
}
Event: 5.425 GC heap before
{Heap before GC invocations=3 (full 0):
 garbage-first heap   total 120832K, used 82756K [0x0000000080000000, 0x0000000100000000)
  region size 1024K, 70 young (71680K), 5 survivors (5120K)
 Metaspace       used 16215K, committed 16512K, reserved 1114112K
  class space    used 2281K, committed 2432K, reserved 1048576K
}
Event: 5.433 GC heap after
{Heap after GC invocations=4 (full 0):
 garbage-first heap   total 120832K, used 21337K [0x0000000080000000, 0x0000000100000000)
  region size 1024K, 9 young (9216K), 9 survivors (9216K)
 Metaspace       used 16215K, committed 16512K, reserved 1114112K
  class space    used 2281K, committed 2432K, reserved 1048576K
}
Event: 6.524 GC heap before
{Heap before GC invocations=4 (full 0):
 garbage-first heap   total 120832K, used 65369K [0x0000000080000000, 0x0000000100000000)
  region size 1024K, 53 young (54272K), 9 survivors (9216K)
 Metaspace       used 21223K, committed 21504K, reserved 1114112K
  class space    used 3106K, committed 3264K, reserved 1048576K
}
Event: 6.531 GC heap after
{Heap after GC invocations=5 (full 0):
 garbage-first heap   total 120832K, used 24397K [0x0000000080000000, 0x0000000100000000)
  region size 1024K, 4 young (4096K), 4 survivors (4096K)
 Metaspace       used 21223K, committed 21504K, reserved 1114112K
  class space    used 3106K, committed 3264K, reserved 1048576K
}
Event: 7.794 GC heap before
{Heap before GC invocations=6 (full 0):
 garbage-first heap   total 89088K, used 73549K [0x0000000080000000, 0x0000000100000000)
  region size 1024K, 52 young (53248K), 4 survivors (4096K)
 Metaspace       used 27315K, committed 27648K, reserved 1114112K
  class space    used 4038K, committed 4224K, reserved 1048576K
}
Event: 7.799 GC heap after
{Heap after GC invocations=7 (full 0):
 garbage-first heap   total 89088K, used 26262K [0x0000000080000000, 0x0000000100000000)
  region size 1024K, 5 young (5120K), 5 survivors (5120K)
 Metaspace       used 27315K, committed 27648K, reserved 1114112K
  class space    used 4038K, committed 4224K, reserved 1048576K
}
Event: 8.430 GC heap before
{Heap before GC invocations=7 (full 0):
 garbage-first heap   total 89088K, used 66198K [0x0000000080000000, 0x0000000100000000)
  region size 1024K, 45 young (46080K), 5 survivors (5120K)
 Metaspace       used 32633K, committed 33024K, reserved 1114112K
  class space    used 4605K, committed 4800K, reserved 1048576K
}
Event: 8.436 GC heap after
{Heap after GC invocations=8 (full 0):
 garbage-first heap   total 89088K, used 30894K [0x0000000080000000, 0x0000000100000000)
  region size 1024K, 6 young (6144K), 6 survivors (6144K)
 Metaspace       used 32633K, committed 33024K, reserved 1114112K
  class space    used 4605K, committed 4800K, reserved 1048576K
}

