# JRE version: Java(TM) SE Runtime Environment (17.0.12+8) (build 17.0.12+8-LTS-286)
# Java VM: Java HotSpot(TM) 64-Bit Server VM (17.0.12+8-LTS-286, mixed mode, sharing, tiered, compressed oops, compressed class ptrs, g1 gc, windows-amd64)
GC Precious Log:
 CPUs: 12 total, 12 available
 Memory: 7502M
 Large Page Support: Disabled
 NUMA Support: Disabled
 Compressed Oops: Enabled (32-bit)
 Heap Region Size: 1M
 Heap Min Capacity: 8M
 Heap Initial Capacity: 118M
 Heap Max Capacity: 2G
 Pre-touch: Disabled
 Parallel Workers: 10
 Concurrent Workers: 3
 Concurrent Refinement Workers: 10
 Periodic GC: Disabled
Heap:
 garbage-first heap   total 372736K, used 158756K [0x0000000080000000, 0x0000000100000000)
  region size 1024K, 13 young (13312K), 13 survivors (13312K)
 Metaspace       used 135142K, committed 136832K, reserved 1179648K
  class space    used 18779K, committed 19648K, reserved 1048576K
GC Heap History (20 events):
Event: 1249.426 GC heap after
{Heap after GC invocations=74 (full 0):
 garbage-first heap   total 315392K, used 207517K [0x0000000080000000, 0x0000000100000000)
  region size 1024K, 6 young (6144K), 6 survivors (6144K)
 Metaspace       used 111579K, committed 112832K, reserved 1179648K
  class space    used 14905K, committed 15552K, reserved 1048576K
}
Event: 1250.852 GC heap before
{Heap before GC invocations=74 (full 0):
 garbage-first heap   total 315392K, used 264861K [0x0000000080000000, 0x0000000100000000)
  region size 1024K, 63 young (64512K), 6 survivors (6144K)
 Metaspace       used 111742K, committed 113024K, reserved 1179648K
  class space    used 14906K, committed 15552K, reserved 1048576K
}
Event: 1250.877 GC heap after
{Heap after GC invocations=75 (full 0):
 garbage-first heap   total 315392K, used 214900K [0x0000000080000000, 0x0000000100000000)
  region size 1024K, 8 young (8192K), 8 survivors (8192K)
 Metaspace       used 111742K, committed 113024K, reserved 1179648K
  class space    used 14906K, committed 15552K, reserved 1048576K
}
Event: 1262.607 GC heap before
{Heap before GC invocations=75 (full 0):
 garbage-first heap   total 315392K, used 244596K [0x0000000080000000, 0x0000000100000000)
  region size 1024K, 39 young (39936K), 8 survivors (8192K)
 Metaspace       used 112297K, committed 113536K, reserved 1179648K
  class space    used 14992K, committed 15616K, reserved 1048576K
}
Event: 1262.645 GC heap after
{Heap after GC invocations=76 (full 0):
 garbage-first heap   total 315392K, used 216973K [0x0000000080000000, 0x0000000100000000)
  region size 1024K, 3 young (3072K), 3 survivors (3072K)
 Metaspace       used 112297K, committed 113536K, reserved 1179648K
  class space    used 14992K, committed 15616K, reserved 1048576K
}
Event: 1264.288 GC heap before
{Heap before GC invocations=77 (full 0):
 garbage-first heap   total 372736K, used 250765K [0x0000000080000000, 0x0000000100000000)
  region size 1024K, 49 young (50176K), 3 survivors (3072K)
 Metaspace       used 116630K, committed 117952K, reserved 1179648K
  class space    used 15743K, committed 16384K, reserved 1048576K
}
Event: 1264.296 GC heap after
{Heap after GC invocations=78 (full 0):
 garbage-first heap   total 372736K, used 206463K [0x0000000080000000, 0x0000000100000000)
  region size 1024K, 4 young (4096K), 4 survivors (4096K)
 Metaspace       used 116630K, committed 117952K, reserved 1179648K
  class space    used 15743K, committed 16384K, reserved 1048576K
}
Event: 1264.550 GC heap before
{Heap before GC invocations=78 (full 0):
 garbage-first heap   total 372736K, used 219775K [0x0000000080000000, 0x0000000100000000)
  region size 1024K, 18 young (18432K), 4 survivors (4096K)
 Metaspace       used 118300K, committed 119616K, reserved 1179648K
  class space    used 16047K, committed 16704K, reserved 1048576K
}
Event: 1264.563 GC heap after
{Heap after GC invocations=79 (full 0):
 garbage-first heap   total 372736K, used 169409K [0x0000000080000000, 0x0000000100000000)
  region size 1024K, 1 young (1024K), 1 survivors (1024K)
 Metaspace       used 118300K, committed 119616K, reserved 1179648K
  class space    used 16047K, committed 16704K, reserved 1048576K
}
Event: 1264.732 GC heap before
{Heap before GC invocations=79 (full 0):
 garbage-first heap   total 372736K, used 185793K [0x0000000080000000, 0x0000000100000000)
  region size 1024K, 18 young (18432K), 1 survivors (1024K)
 Metaspace       used 120519K, committed 121792K, reserved 1179648K
  class space    used 16341K, committed 16960K, reserved 1048576K
}
Event: 1264.749 GC heap after
{Heap after GC invocations=80 (full 0):
 garbage-first heap   total 372736K, used 140011K [0x0000000080000000, 0x0000000100000000)
  region size 1024K, 1 young (1024K), 1 survivors (1024K)
 Metaspace       used 120519K, committed 121792K, reserved 1179648K
  class space    used 16341K, committed 16960K, reserved 1048576K
}
Event: 1264.939 GC heap before
{Heap before GC invocations=80 (full 0):
 garbage-first heap   total 372736K, used 157419K [0x0000000080000000, 0x0000000100000000)
  region size 1024K, 18 young (18432K), 1 survivors (1024K)
 Metaspace       used 122373K, committed 123648K, reserved 1179648K
  class space    used 16795K, committed 17408K, reserved 1048576K
}
Event: 1264.947 GC heap after
{Heap after GC invocations=81 (full 0):
 garbage-first heap   total 372736K, used 140967K [0x0000000080000000, 0x0000000100000000)
  region size 1024K, 3 young (3072K), 3 survivors (3072K)
 Metaspace       used 122373K, committed 123648K, reserved 1179648K
  class space    used 16795K, committed 17408K, reserved 1048576K
}
Event: 1266.801 GC heap before
{Heap before GC invocations=81 (full 0):
 garbage-first heap   total 372736K, used 297639K [0x0000000080000000, 0x0000000100000000)
  region size 1024K, 157 young (160768K), 3 survivors (3072K)
 Metaspace       used 131788K, committed 133184K, reserved 1179648K
  class space    used 18364K, committed 19072K, reserved 1048576K
}
Event: 1266.826 GC heap after
{Heap after GC invocations=82 (full 0):
 garbage-first heap   total 372736K, used 143883K [0x0000000080000000, 0x0000000100000000)
  region size 1024K, 6 young (6144K), 6 survivors (6144K)
 Metaspace       used 131788K, committed 133184K, reserved 1179648K
  class space    used 18364K, committed 19072K, reserved 1048576K
}
Event: 1362.493 GC heap before
{Heap before GC invocations=83 (full 0):
 garbage-first heap   total 372736K, used 356875K [0x0000000080000000, 0x0000000100000000)
  region size 1024K, 97 young (99328K), 6 survivors (6144K)
 Metaspace       used 133833K, committed 135232K, reserved 1179648K
  class space    used 18631K, committed 19328K, reserved 1048576K
}
Event: 1362.605 GC heap after
{Heap after GC invocations=84 (full 0):
 garbage-first heap   total 372736K, used 149388K [0x0000000080000000, 0x0000000100000000)
  region size 1024K, 11 young (11264K), 11 survivors (11264K)
 Metaspace       used 133833K, committed 135232K, reserved 1179648K
  class space    used 18631K, committed 19328K, reserved 1048576K
}
Event: 1362.702 GC heap before
{Heap before GC invocations=84 (full 0):
 garbage-first heap   total 372736K, used 156556K [0x0000000080000000, 0x0000000100000000)
  region size 1024K, 18 young (18432K), 11 survivors (11264K)
 Metaspace       used 133888K, committed 135360K, reserved 1179648K
  class space    used 18640K, committed 19392K, reserved 1048576K
}
Event: 1362.780 GC heap after
{Heap after GC invocations=85 (full 0):
 garbage-first heap   total 372736K, used 147161K [0x0000000080000000, 0x0000000100000000)
  region size 1024K, 2 young (2048K), 2 survivors (2048K)
 Metaspace       used 133888K, committed 135360K, reserved 1179648K
  class space    used 18640K, committed 19392K, reserved 1048576K
}
Event: 1370.112 GC heap before
{Heap before GC invocations=85 (full 0):
 garbage-first heap   total 372736K, used 300761K [0x0000000080000000, 0x0000000100000000)
  region size 1024K, 153 young (156672K), 2 survivors (2048K)
 Metaspace       used 135142K, committed 136832K, reserved 1179648K
  class space    used 18779K, committed 19648K, reserved 1048576K
}

