# JRE version: Java(TM) SE Runtime Environment (17.0.12+8) (build 17.0.12+8-LTS-286)
# Java VM: Java HotSpot(TM) 64-Bit Server VM (17.0.12+8-LTS-286, mixed mode, sharing, tiered, compressed oops, compressed class ptrs, g1 gc, windows-amd64)
GC Precious Log:
 CPUs: 12 total, 12 available
 Memory: 7502M
 Large Page Support: Disabled
 NUMA Support: Disabled
 Compressed Oops: Enabled (32-bit)
 Heap Region Size: 1M
 Heap Min Capacity: 8M
 Heap Initial Capacity: 118M
 Heap Max Capacity: 2G
 Pre-touch: Disabled
 Parallel Workers: 10
 Concurrent Workers: 3
 Concurrent Refinement Workers: 10
 Periodic GC: Disabled
Heap:
 garbage-first heap   total 337920K, used 254874K [0x0000000080000000, 0x0000000100000000)
  region size 1024K, 86 young (88064K), 2 survivors (2048K)
 Metaspace       used 108153K, committed 109312K, reserved 1179648K
  class space    used 14710K, committed 15296K, reserved 1048576K
GC Heap History (20 events):
Event: 12.107 GC heap before
{Heap before GC invocations=31 (full 0):
 garbage-first heap   total 337920K, used 259633K [0x0000000080000000, 0x0000000100000000)
  region size 1024K, 161 young (164864K), 1 survivors (1024K)
 Metaspace       used 57707K, committed 58432K, reserved 1114112K
  class space    used 8071K, committed 8448K, reserved 1048576K
}
Event: 12.115 GC heap after
{Heap after GC invocations=32 (full 0):
 garbage-first heap   total 337920K, used 106400K [0x0000000080000000, 0x0000000100000000)
  region size 1024K, 12 young (12288K), 12 survivors (12288K)
 Metaspace       used 57707K, committed 58432K, reserved 1114112K
  class space    used 8071K, committed 8448K, reserved 1048576K
}
Event: 14.399 GC heap before
{Heap before GC invocations=32 (full 0):
 garbage-first heap   total 337920K, used 275360K [0x0000000080000000, 0x0000000100000000)
  region size 1024K, 171 young (175104K), 12 survivors (12288K)
 Metaspace       used 70697K, committed 71424K, reserved 1114112K
  class space    used 9661K, committed 10048K, reserved 1048576K
}
Event: 14.409 GC heap after
{Heap after GC invocations=33 (full 0):
 garbage-first heap   total 337920K, used 118943K [0x0000000080000000, 0x0000000100000000)
  region size 1024K, 10 young (10240K), 10 survivors (10240K)
 Metaspace       used 70697K, committed 71424K, reserved 1114112K
  class space    used 9661K, committed 10048K, reserved 1048576K
}
Event: 16.627 GC heap before
{Heap before GC invocations=33 (full 0):
 garbage-first heap   total 337920K, used 274591K [0x0000000080000000, 0x0000000100000000)
  region size 1024K, 159 young (162816K), 10 survivors (10240K)
 Metaspace       used 80059K, committed 80960K, reserved 1179648K
  class space    used 10921K, committed 11328K, reserved 1048576K
}
Event: 16.635 GC heap after
{Heap after GC invocations=34 (full 0):
 garbage-first heap   total 337920K, used 130641K [0x0000000080000000, 0x0000000100000000)
  region size 1024K, 18 young (18432K), 18 survivors (18432K)
 Metaspace       used 80059K, committed 80960K, reserved 1179648K
  class space    used 10921K, committed 11328K, reserved 1048576K
}
Event: 19.025 GC heap before
{Heap before GC invocations=34 (full 0):
 garbage-first heap   total 337920K, used 274001K [0x0000000080000000, 0x0000000100000000)
  region size 1024K, 158 young (161792K), 18 survivors (18432K)
 Metaspace       used 89772K, committed 90688K, reserved 1179648K
  class space    used 12388K, committed 12800K, reserved 1048576K
}
Event: 19.037 GC heap after
{Heap after GC invocations=35 (full 0):
 garbage-first heap   total 337920K, used 136751K [0x0000000080000000, 0x0000000100000000)
  region size 1024K, 15 young (15360K), 15 survivors (15360K)
 Metaspace       used 89772K, committed 90688K, reserved 1179648K
  class space    used 12388K, committed 12800K, reserved 1048576K
}
Event: 19.885 GC heap before
{Heap before GC invocations=35 (full 0):
 garbage-first heap   total 337920K, used 204335K [0x0000000080000000, 0x0000000100000000)
  region size 1024K, 63 young (64512K), 15 survivors (15360K)
 Metaspace       used 95104K, committed 96128K, reserved 1179648K
  class space    used 13033K, committed 13568K, reserved 1048576K
}
Event: 19.898 GC heap after
{Heap after GC invocations=36 (full 0):
 garbage-first heap   total 337920K, used 159498K [0x0000000080000000, 0x0000000100000000)
  region size 1024K, 13 young (13312K), 13 survivors (13312K)
 Metaspace       used 95104K, committed 96128K, reserved 1179648K
  class space    used 13033K, committed 13568K, reserved 1048576K
}
Event: 21.433 GC heap before
{Heap before GC invocations=37 (full 0):
 garbage-first heap   total 337920K, used 277258K [0x0000000080000000, 0x0000000100000000)
  region size 1024K, 128 young (131072K), 13 survivors (13312K)
 Metaspace       used 96303K, committed 97344K, reserved 1179648K
  class space    used 13197K, committed 13696K, reserved 1048576K
}
Event: 21.447 GC heap after
{Heap after GC invocations=38 (full 0):
 garbage-first heap   total 337920K, used 165852K [0x0000000080000000, 0x0000000100000000)
  region size 1024K, 15 young (15360K), 15 survivors (15360K)
 Metaspace       used 96303K, committed 97344K, reserved 1179648K
  class space    used 13197K, committed 13696K, reserved 1048576K
}
Event: 21.454 GC heap before
{Heap before GC invocations=38 (full 0):
 garbage-first heap   total 337920K, used 165852K [0x0000000080000000, 0x0000000100000000)
  region size 1024K, 16 young (16384K), 15 survivors (15360K)
 Metaspace       used 96303K, committed 97344K, reserved 1179648K
  class space    used 13197K, committed 13696K, reserved 1048576K
}
Event: 21.463 GC heap after
{Heap after GC invocations=39 (full 0):
 garbage-first heap   total 337920K, used 164524K [0x0000000080000000, 0x0000000100000000)
  region size 1024K, 2 young (2048K), 2 survivors (2048K)
 Metaspace       used 96303K, committed 97344K, reserved 1179648K
  class space    used 13197K, committed 13696K, reserved 1048576K
}
Event: 22.579 GC heap before
{Heap before GC invocations=39 (full 0):
 garbage-first heap   total 337920K, used 278188K [0x0000000080000000, 0x0000000100000000)
  region size 1024K, 113 young (115712K), 2 survivors (2048K)
 Metaspace       used 96305K, committed 97344K, reserved 1179648K
  class space    used 13197K, committed 13696K, reserved 1048576K
}
Event: 22.598 GC heap after
{Heap after GC invocations=40 (full 0):
 garbage-first heap   total 337920K, used 168615K [0x0000000080000000, 0x0000000100000000)
  region size 1024K, 6 young (6144K), 6 survivors (6144K)
 Metaspace       used 96305K, committed 97344K, reserved 1179648K
  class space    used 13197K, committed 13696K, reserved 1048576K
}
Event: 24.978 GC heap before
{Heap before GC invocations=41 (full 0):
 garbage-first heap   total 337920K, used 281255K [0x0000000080000000, 0x0000000100000000)
  region size 1024K, 115 young (117760K), 6 survivors (6144K)
 Metaspace       used 100096K, committed 101184K, reserved 1179648K
  class space    used 13604K, committed 14144K, reserved 1048576K
}
Event: 24.987 GC heap after
{Heap after GC invocations=42 (full 0):
 garbage-first heap   total 337920K, used 172187K [0x0000000080000000, 0x0000000100000000)
  region size 1024K, 10 young (10240K), 10 survivors (10240K)
 Metaspace       used 100096K, committed 101184K, reserved 1179648K
  class space    used 13604K, committed 14144K, reserved 1048576K
}
Event: 25.187 GC heap before
{Heap before GC invocations=42 (full 0):
 garbage-first heap   total 337920K, used 178331K [0x0000000080000000, 0x0000000100000000)
  region size 1024K, 16 young (16384K), 10 survivors (10240K)
 Metaspace       used 100409K, committed 101440K, reserved 1179648K
  class space    used 13680K, committed 14208K, reserved 1048576K
}
Event: 25.194 GC heap after
{Heap after GC invocations=43 (full 0):
 garbage-first heap   total 337920K, used 169882K [0x0000000080000000, 0x0000000100000000)
  region size 1024K, 2 young (2048K), 2 survivors (2048K)
 Metaspace       used 100409K, committed 101440K, reserved 1179648K
  class space    used 13680K, committed 14208K, reserved 1048576K
}

