# JRE version: Java(TM) SE Runtime Environment (17.0.12+8) (build 17.0.12+8-LTS-286)
# Java VM: Java HotSpot(TM) 64-Bit Server VM (17.0.12+8-LTS-286, mixed mode, sharing, tiered, compressed oops, compressed class ptrs, g1 gc, windows-amd64)
GC Precious Log:
 CPUs: 12 total, 12 available
 Memory: 7502M
 Large Page Support: Disabled
 NUMA Support: Disabled
 Compressed Oops: Enabled (32-bit)
 Heap Region Size: 1M
 Heap Min Capacity: 8M
 Heap Initial Capacity: 118M
 Heap Max Capacity: 2G
 Pre-touch: Disabled
 Parallel Workers: 10
 Concurrent Workers: 3
 Concurrent Refinement Workers: 10
 Periodic GC: Disabled
Heap:
 garbage-first heap   total 133120K, used 80520K [0x0000000080000000, 0x0000000100000000)
  region size 1024K, 3 young (3072K), 3 survivors (3072K)
 Metaspace       used 56501K, committed 57216K, reserved 1114112K
  class space    used 8010K, committed 8384K, reserved 1048576K
GC Heap History (20 events):
Event: 7.708 GC heap after
{Heap after GC invocations=15 (full 0):
 garbage-first heap   total 110592K, used 53568K [0x0000000080000000, 0x0000000100000000)
  region size 1024K, 5 young (5120K), 5 survivors (5120K)
 Metaspace       used 41664K, committed 42240K, reserved 1114112K
  class space    used 5943K, committed 6208K, reserved 1048576K
}
Event: 7.965 GC heap before
{Heap before GC invocations=16 (full 0):
 garbage-first heap   total 110592K, used 68928K [0x0000000080000000, 0x0000000100000000)
  region size 1024K, 19 young (19456K), 5 survivors (5120K)
 Metaspace       used 41972K, committed 42496K, reserved 1114112K
  class space    used 5961K, committed 6208K, reserved 1048576K
}
Event: 7.968 GC heap after
{Heap after GC invocations=17 (full 0):
 garbage-first heap   total 110592K, used 58641K [0x0000000080000000, 0x0000000100000000)
  region size 1024K, 5 young (5120K), 5 survivors (5120K)
 Metaspace       used 41972K, committed 42496K, reserved 1114112K
  class space    used 5961K, committed 6208K, reserved 1048576K
}
Event: 8.329 GC heap before
{Heap before GC invocations=18 (full 0):
 garbage-first heap   total 112640K, used 97553K [0x0000000080000000, 0x0000000100000000)
  region size 1024K, 31 young (31744K), 5 survivors (5120K)
 Metaspace       used 44293K, committed 44928K, reserved 1114112K
  class space    used 6167K, committed 6464K, reserved 1048576K
}
Event: 8.332 GC heap after
{Heap after GC invocations=19 (full 0):
 garbage-first heap   total 112640K, used 74019K [0x0000000080000000, 0x0000000100000000)
  region size 1024K, 4 young (4096K), 4 survivors (4096K)
 Metaspace       used 44293K, committed 44928K, reserved 1114112K
  class space    used 6167K, committed 6464K, reserved 1048576K
}
Event: 8.334 GC heap before
{Heap before GC invocations=19 (full 0):
 garbage-first heap   total 112640K, used 75043K [0x0000000080000000, 0x0000000100000000)
  region size 1024K, 5 young (5120K), 4 survivors (4096K)
 Metaspace       used 44293K, committed 44928K, reserved 1114112K
  class space    used 6167K, committed 6464K, reserved 1048576K
}
Event: 8.336 GC heap after
{Heap after GC invocations=20 (full 0):
 garbage-first heap   total 112640K, used 74490K [0x0000000080000000, 0x0000000100000000)
  region size 1024K, 1 young (1024K), 1 survivors (1024K)
 Metaspace       used 44293K, committed 44928K, reserved 1114112K
  class space    used 6167K, committed 6464K, reserved 1048576K
}
Event: 8.381 GC heap before
{Heap before GC invocations=20 (full 0):
 garbage-first heap   total 112640K, used 92922K [0x0000000080000000, 0x0000000100000000)
  region size 1024K, 19 young (19456K), 1 survivors (1024K)
 Metaspace       used 44313K, committed 44928K, reserved 1114112K
  class space    used 6171K, committed 6464K, reserved 1048576K
}
Event: 8.382 GC heap after
{Heap after GC invocations=21 (full 0):
 garbage-first heap   total 112640K, used 74510K [0x0000000080000000, 0x0000000100000000)
  region size 1024K, 1 young (1024K), 1 survivors (1024K)
 Metaspace       used 44313K, committed 44928K, reserved 1114112K
  class space    used 6171K, committed 6464K, reserved 1048576K
}
Event: 8.750 GC heap before
{Heap before GC invocations=22 (full 0):
 garbage-first heap   total 130048K, used 93966K [0x0000000080000000, 0x0000000100000000)
  region size 1024K, 20 young (20480K), 1 survivors (1024K)
 Metaspace       used 46310K, committed 46976K, reserved 1114112K
  class space    used 6473K, committed 6720K, reserved 1048576K
}
Event: 8.752 GC heap after
{Heap after GC invocations=23 (full 0):
 garbage-first heap   total 130048K, used 75740K [0x0000000080000000, 0x0000000100000000)
  region size 1024K, 2 young (2048K), 2 survivors (2048K)
 Metaspace       used 46310K, committed 46976K, reserved 1114112K
  class space    used 6473K, committed 6720K, reserved 1048576K
}
Event: 8.799 GC heap before
{Heap before GC invocations=23 (full 0):
 garbage-first heap   total 130048K, used 79836K [0x0000000080000000, 0x0000000100000000)
  region size 1024K, 6 young (6144K), 2 survivors (2048K)
 Metaspace       used 46770K, committed 47424K, reserved 1114112K
  class space    used 6535K, committed 6784K, reserved 1048576K
}
Event: 8.801 GC heap after
{Heap after GC invocations=24 (full 0):
 garbage-first heap   total 130048K, used 75379K [0x0000000080000000, 0x0000000100000000)
  region size 1024K, 1 young (1024K), 1 survivors (1024K)
 Metaspace       used 46770K, committed 47424K, reserved 1114112K
  class space    used 6535K, committed 6784K, reserved 1048576K
}
Event: 9.211 GC heap before
{Heap before GC invocations=24 (full 0):
 garbage-first heap   total 130048K, used 104051K [0x0000000080000000, 0x0000000100000000)
  region size 1024K, 29 young (29696K), 1 survivors (1024K)
 Metaspace       used 50433K, committed 51136K, reserved 1114112K
  class space    used 7058K, committed 7424K, reserved 1048576K
}
Event: 9.213 GC heap after
{Heap after GC invocations=25 (full 0):
 garbage-first heap   total 130048K, used 76411K [0x0000000080000000, 0x0000000100000000)
  region size 1024K, 2 young (2048K), 2 survivors (2048K)
 Metaspace       used 50433K, committed 51136K, reserved 1114112K
  class space    used 7058K, committed 7424K, reserved 1048576K
}
Event: 9.691 GC heap before
{Heap before GC invocations=26 (full 0):
 garbage-first heap   total 133120K, used 106107K [0x0000000080000000, 0x0000000100000000)
  region size 1024K, 31 young (31744K), 2 survivors (2048K)
 Metaspace       used 53497K, committed 54208K, reserved 1114112K
  class space    used 7543K, committed 7872K, reserved 1048576K
}
Event: 9.693 GC heap after
{Heap after GC invocations=27 (full 0):
 garbage-first heap   total 133120K, used 77992K [0x0000000080000000, 0x0000000100000000)
  region size 1024K, 3 young (3072K), 3 survivors (3072K)
 Metaspace       used 53497K, committed 54208K, reserved 1114112K
  class space    used 7543K, committed 7872K, reserved 1048576K
}
Event: 9.722 GC heap before
{Heap before GC invocations=27 (full 0):
 garbage-first heap   total 133120K, used 81064K [0x0000000080000000, 0x0000000100000000)
  region size 1024K, 6 young (6144K), 3 survivors (3072K)
 Metaspace       used 53595K, committed 54272K, reserved 1114112K
  class space    used 7558K, committed 7872K, reserved 1048576K
}
Event: 9.725 GC heap after
{Heap after GC invocations=28 (full 0):
 garbage-first heap   total 133120K, used 78320K [0x0000000080000000, 0x0000000100000000)
  region size 1024K, 1 young (1024K), 1 survivors (1024K)
 Metaspace       used 53595K, committed 54272K, reserved 1114112K
  class space    used 7558K, committed 7872K, reserved 1048576K
}
Event: 10.592 GC heap before
{Heap before GC invocations=28 (full 0):
 garbage-first heap   total 133120K, used 110064K [0x0000000080000000, 0x0000000100000000)
  region size 1024K, 32 young (32768K), 1 survivors (1024K)
 Metaspace       used 56501K, committed 57216K, reserved 1114112K
  class space    used 8010K, committed 8384K, reserved 1048576K
}

