# JRE version: Java(TM) SE Runtime Environment (17.0.12+8) (build 17.0.12+8-LTS-286)
# Java VM: Java HotSpot(TM) 64-Bit Server VM (17.0.12+8-LTS-286, mixed mode, sharing, tiered, compressed oops, compressed class ptrs, g1 gc, windows-amd64)
GC Precious Log:
 CPUs: 12 total, 12 available
 Memory: 7502M
 Large Page Support: Disabled
 NUMA Support: Disabled
 Compressed Oops: Enabled (32-bit)
 Heap Region Size: 1M
 Heap Min Capacity: 8M
 Heap Initial Capacity: 118M
 Heap Max Capacity: 2G
 Pre-touch: Disabled
 Parallel Workers: 10
 Concurrent Workers: 3
 Concurrent Refinement Workers: 10
 Periodic GC: Disabled
Heap:
 garbage-first heap   total 192512K, used 57085K [0x0000000080000000, 0x0000000100000000)
  region size 1024K, 7 young (7168K), 2 survivors (2048K)
 Metaspace       used 51648K, committed 52224K, reserved 1114112K
  class space    used 7281K, committed 7552K, reserved 1048576K
GC Heap History (20 events):
Event: 10.207 GC heap before
{Heap before GC invocations=14 (full 0):
 garbage-first heap   total 92160K, used 72718K [0x0000000080000000, 0x0000000100000000)
  region size 1024K, 39 young (39936K), 5 survivors (5120K)
 Metaspace       used 50670K, committed 51264K, reserved 1114112K
  class space    used 7209K, committed 7488K, reserved 1048576K
}
Event: 10.212 GC heap after
{Heap after GC invocations=15 (full 0):
 garbage-first heap   total 92160K, used 43474K [0x0000000080000000, 0x0000000100000000)
  region size 1024K, 5 young (5120K), 5 survivors (5120K)
 Metaspace       used 50670K, committed 51264K, reserved 1114112K
  class space    used 7209K, committed 7488K, reserved 1048576K
}
Event: 10.391 GC heap before
{Heap before GC invocations=15 (full 0):
 garbage-first heap   total 92160K, used 71122K [0x0000000080000000, 0x0000000100000000)
  region size 1024K, 33 young (33792K), 5 survivors (5120K)
 Metaspace       used 50998K, committed 51520K, reserved 1114112K
  class space    used 7234K, committed 7488K, reserved 1048576K
}
Event: 10.395 GC heap after
{Heap after GC invocations=16 (full 0):
 garbage-first heap   total 92160K, used 46641K [0x0000000080000000, 0x0000000100000000)
  region size 1024K, 4 young (4096K), 4 survivors (4096K)
 Metaspace       used 50998K, committed 51520K, reserved 1114112K
  class space    used 7234K, committed 7488K, reserved 1048576K
}
Event: 10.492 GC heap before
{Heap before GC invocations=16 (full 0):
 garbage-first heap   total 92160K, used 72241K [0x0000000080000000, 0x0000000100000000)
  region size 1024K, 30 young (30720K), 4 survivors (4096K)
 Metaspace       used 51126K, committed 51648K, reserved 1114112K
  class space    used 7235K, committed 7488K, reserved 1048576K
}
Event: 10.494 GC heap after
{Heap after GC invocations=17 (full 0):
 garbage-first heap   total 92160K, used 47405K [0x0000000080000000, 0x0000000100000000)
  region size 1024K, 4 young (4096K), 4 survivors (4096K)
 Metaspace       used 51126K, committed 51648K, reserved 1114112K
  class space    used 7235K, committed 7488K, reserved 1048576K
}
Event: 10.601 GC heap before
{Heap before GC invocations=18 (full 0):
 garbage-first heap   total 96256K, used 70957K [0x0000000080000000, 0x0000000100000000)
  region size 1024K, 28 young (28672K), 4 survivors (4096K)
 Metaspace       used 51247K, committed 51776K, reserved 1114112K
  class space    used 7235K, committed 7488K, reserved 1048576K
}
Event: 10.605 GC heap after
{Heap after GC invocations=19 (full 0):
 garbage-first heap   total 96256K, used 48086K [0x0000000080000000, 0x0000000100000000)
  region size 1024K, 4 young (4096K), 4 survivors (4096K)
 Metaspace       used 51247K, committed 51776K, reserved 1114112K
  class space    used 7235K, committed 7488K, reserved 1048576K
}
Event: 10.610 GC heap before
{Heap before GC invocations=19 (full 0):
 garbage-first heap   total 96256K, used 49110K [0x0000000080000000, 0x0000000100000000)
  region size 1024K, 5 young (5120K), 4 survivors (4096K)
 Metaspace       used 51247K, committed 51776K, reserved 1114112K
  class space    used 7235K, committed 7488K, reserved 1048576K
}
Event: 10.612 GC heap after
{Heap after GC invocations=20 (full 0):
 garbage-first heap   total 96256K, used 47262K [0x0000000080000000, 0x0000000100000000)
  region size 1024K, 1 young (1024K), 1 survivors (1024K)
 Metaspace       used 51247K, committed 51776K, reserved 1114112K
  class space    used 7235K, committed 7488K, reserved 1048576K
}
Event: 10.721 GC heap before
{Heap before GC invocations=20 (full 0):
 garbage-first heap   total 96256K, used 74910K [0x0000000080000000, 0x0000000100000000)
  region size 1024K, 29 young (29696K), 1 survivors (1024K)
 Metaspace       used 51324K, committed 51904K, reserved 1114112K
  class space    used 7235K, committed 7488K, reserved 1048576K
}
Event: 10.724 GC heap after
{Heap after GC invocations=21 (full 0):
 garbage-first heap   total 96256K, used 49608K [0x0000000080000000, 0x0000000100000000)
  region size 1024K, 3 young (3072K), 3 survivors (3072K)
 Metaspace       used 51324K, committed 51904K, reserved 1114112K
  class space    used 7235K, committed 7488K, reserved 1048576K
}
Event: 10.817 GC heap before
{Heap before GC invocations=22 (full 0):
 garbage-first heap   total 96256K, used 75696K [0x0000000080000000, 0x0000000100000000)
  region size 1024K, 30 young (30720K), 3 survivors (3072K)
 Metaspace       used 51335K, committed 51904K, reserved 1114112K
  class space    used 7235K, committed 7488K, reserved 1048576K
}
Event: 10.819 GC heap after
{Heap after GC invocations=23 (full 0):
 garbage-first heap   total 96256K, used 49778K [0x0000000080000000, 0x0000000100000000)
  region size 1024K, 3 young (3072K), 3 survivors (3072K)
 Metaspace       used 51335K, committed 51904K, reserved 1114112K
  class space    used 7235K, committed 7488K, reserved 1048576K
}
Event: 10.822 GC heap before
{Heap before GC invocations=23 (full 0):
 garbage-first heap   total 96256K, used 50802K [0x0000000080000000, 0x0000000100000000)
  region size 1024K, 4 young (4096K), 3 survivors (3072K)
 Metaspace       used 51335K, committed 51904K, reserved 1114112K
  class space    used 7235K, committed 7488K, reserved 1048576K
}
Event: 11.961 GC heap after
{Heap after GC invocations=24 (full 0):
 garbage-first heap   total 192512K, used 48361K [0x0000000080000000, 0x0000000100000000)
  region size 1024K, 1 young (1024K), 1 survivors (1024K)
 Metaspace       used 51335K, committed 51904K, reserved 1114112K
  class space    used 7235K, committed 7488K, reserved 1048576K
}
Event: 12.021 GC heap before
{Heap before GC invocations=24 (full 0):
 garbage-first heap   total 192512K, used 56553K [0x0000000080000000, 0x0000000100000000)
  region size 1024K, 9 young (9216K), 1 survivors (1024K)
 Metaspace       used 51336K, committed 51904K, reserved 1114112K
  class space    used 7235K, committed 7488K, reserved 1048576K
}
Event: 12.023 GC heap after
{Heap after GC invocations=25 (full 0):
 garbage-first heap   total 192512K, used 50074K [0x0000000080000000, 0x0000000100000000)
  region size 1024K, 2 young (2048K), 2 survivors (2048K)
 Metaspace       used 51336K, committed 51904K, reserved 1114112K
  class space    used 7235K, committed 7488K, reserved 1048576K
}
Event: 12.106 GC heap before
{Heap before GC invocations=25 (full 0):
 garbage-first heap   total 192512K, used 57242K [0x0000000080000000, 0x0000000100000000)
  region size 1024K, 9 young (9216K), 2 survivors (2048K)
 Metaspace       used 51504K, committed 52096K, reserved 1114112K
  class space    used 7266K, committed 7552K, reserved 1048576K
}
Event: 13.117 GC heap after
{Heap after GC invocations=26 (full 0):
 garbage-first heap   total 192512K, used 50941K [0x0000000080000000, 0x0000000100000000)
  region size 1024K, 2 young (2048K), 2 survivors (2048K)
 Metaspace       used 51504K, committed 52096K, reserved 1114112K
  class space    used 7266K, committed 7552K, reserved 1048576K
}

