# JRE version: Java(TM) SE Runtime Environment (17.0.12+8) (build 17.0.12+8-LTS-286)
# Java VM: Java HotSpot(TM) 64-Bit Server VM (17.0.12+8-LTS-286, mixed mode, sharing, tiered, compressed oops, compressed class ptrs, g1 gc, windows-amd64)
GC Precious Log:
 CPUs: 12 total, 12 available
 Memory: 7502M
 Large Page Support: Disabled
 NUMA Support: Disabled
 Compressed Oops: Enabled (32-bit)
 Heap Region Size: 1M
 Heap Min Capacity: 8M
 Heap Initial Capacity: 118M
 Heap Max Capacity: 2G
 Pre-touch: Disabled
 Parallel Workers: 10
 Concurrent Workers: 3
 Concurrent Refinement Workers: 10
 Periodic GC: Disabled
Heap:
 garbage-first heap   total 541696K, used 246989K [0x0000000080000000, 0x0000000100000000)
  region size 1024K, 51 young (52224K), 2 survivors (2048K)
 Metaspace       used 141781K, committed 142912K, reserved 1179648K
  class space    used 20007K, committed 20544K, reserved 1048576K
GC Heap History (20 events):
Event: 52.448 GC heap before
{Heap before GC invocations=76 (full 0):
 garbage-first heap   total 371712K, used 322256K [0x0000000080000000, 0x0000000100000000)
  region size 1024K, 143 young (146432K), 10 survivors (10240K)
 Metaspace       used 112987K, committed 113984K, reserved 1179648K
  class space    used 15491K, committed 15936K, reserved 1048576K
}
Event: 52.466 GC heap after
{Heap after GC invocations=77 (full 0):
 garbage-first heap   total 371712K, used 195177K [0x0000000080000000, 0x0000000100000000)
  region size 1024K, 16 young (16384K), 16 survivors (16384K)
 Metaspace       used 112987K, committed 113984K, reserved 1179648K
  class space    used 15491K, committed 15936K, reserved 1048576K
}
Event: 54.081 GC heap before
{Heap before GC invocations=77 (full 0):
 garbage-first heap   total 371712K, used 320105K [0x0000000080000000, 0x0000000100000000)
  region size 1024K, 135 young (138240K), 16 survivors (16384K)
 Metaspace       used 120859K, committed 121920K, reserved 1179648K
  class space    used 16739K, committed 17280K, reserved 1048576K
}
Event: 54.103 GC heap after
{Heap after GC invocations=78 (full 0):
 garbage-first heap   total 371712K, used 212616K [0x0000000080000000, 0x0000000100000000)
  region size 1024K, 17 young (17408K), 17 survivors (17408K)
 Metaspace       used 120859K, committed 121920K, reserved 1179648K
  class space    used 16739K, committed 17280K, reserved 1048576K
}
Event: 55.211 GC heap before
{Heap before GC invocations=78 (full 0):
 garbage-first heap   total 371712K, used 310920K [0x0000000080000000, 0x0000000100000000)
  region size 1024K, 114 young (116736K), 17 survivors (17408K)
 Metaspace       used 128919K, committed 129984K, reserved 1179648K
  class space    used 18182K, committed 18688K, reserved 1048576K
}
Event: 55.232 GC heap after
{Heap after GC invocations=79 (full 0):
 garbage-first heap   total 371712K, used 220633K [0x0000000080000000, 0x0000000100000000)
  region size 1024K, 9 young (9216K), 9 survivors (9216K)
 Metaspace       used 128919K, committed 129984K, reserved 1179648K
  class space    used 18182K, committed 18688K, reserved 1048576K
}
Event: 55.766 GC heap before
{Heap before GC invocations=79 (full 0):
 garbage-first heap   total 371712K, used 311769K [0x0000000080000000, 0x0000000100000000)
  region size 1024K, 99 young (101376K), 9 survivors (9216K)
 Metaspace       used 132306K, committed 133440K, reserved 1179648K
  class space    used 18839K, committed 19392K, reserved 1048576K
}
Event: 55.778 GC heap after
{Heap after GC invocations=80 (full 0):
 garbage-first heap   total 371712K, used 229472K [0x0000000080000000, 0x0000000100000000)
  region size 1024K, 11 young (11264K), 11 survivors (11264K)
 Metaspace       used 132306K, committed 133440K, reserved 1179648K
  class space    used 18839K, committed 19392K, reserved 1048576K
}
Event: 57.482 GC heap before
{Heap before GC invocations=80 (full 0):
 garbage-first heap   total 371712K, used 310368K [0x0000000080000000, 0x0000000100000000)
  region size 1024K, 91 young (93184K), 11 survivors (11264K)
 Metaspace       used 134891K, committed 136000K, reserved 1179648K
  class space    used 19280K, committed 19840K, reserved 1048576K
}
Event: 57.490 GC heap after
{Heap after GC invocations=81 (full 0):
 garbage-first heap   total 371712K, used 228682K [0x0000000080000000, 0x0000000100000000)
  region size 1024K, 6 young (6144K), 6 survivors (6144K)
 Metaspace       used 134891K, committed 136000K, reserved 1179648K
  class space    used 19280K, committed 19840K, reserved 1048576K
}
Event: 58.258 GC heap before
{Heap before GC invocations=81 (full 0):
 garbage-first heap   total 371712K, used 276810K [0x0000000080000000, 0x0000000100000000)
  region size 1024K, 19 young (19456K), 6 survivors (6144K)
 Metaspace       used 136195K, committed 137344K, reserved 1179648K
  class space    used 19445K, committed 19968K, reserved 1048576K
}
Event: 58.278 GC heap after
{Heap after GC invocations=82 (full 0):
 garbage-first heap   total 371712K, used 264025K [0x0000000080000000, 0x0000000100000000)
  region size 1024K, 7 young (7168K), 7 survivors (7168K)
 Metaspace       used 136195K, committed 137344K, reserved 1179648K
  class space    used 19445K, committed 19968K, reserved 1048576K
}
Event: 58.303 GC heap before
{Heap before GC invocations=82 (full 0):
 garbage-first heap   total 371712K, used 290649K [0x0000000080000000, 0x0000000100000000)
  region size 1024K, 8 young (8192K), 7 survivors (7168K)
 Metaspace       used 136195K, committed 137344K, reserved 1179648K
  class space    used 19445K, committed 19968K, reserved 1048576K
}
Event: 58.310 GC heap after
{Heap after GC invocations=83 (full 0):
 garbage-first heap   total 371712K, used 270353K [0x0000000080000000, 0x0000000100000000)
  region size 1024K, 2 young (2048K), 2 survivors (2048K)
 Metaspace       used 136195K, committed 137344K, reserved 1179648K
  class space    used 19445K, committed 19968K, reserved 1048576K
}
Event: 58.315 GC heap before
{Heap before GC invocations=83 (full 0):
 garbage-first heap   total 371712K, used 272401K [0x0000000080000000, 0x0000000100000000)
  region size 1024K, 3 young (3072K), 2 survivors (2048K)
 Metaspace       used 136195K, committed 137344K, reserved 1179648K
  class space    used 19445K, committed 19968K, reserved 1048576K
}
Event: 58.319 GC heap after
{Heap after GC invocations=84 (full 0):
 garbage-first heap   total 371712K, used 269930K [0x0000000080000000, 0x0000000100000000)
  region size 1024K, 1 young (1024K), 1 survivors (1024K)
 Metaspace       used 136195K, committed 137344K, reserved 1179648K
  class space    used 19445K, committed 19968K, reserved 1048576K
}
Event: 60.612 GC heap before
{Heap before GC invocations=85 (full 0):
 garbage-first heap   total 541696K, used 375402K [0x0000000080000000, 0x0000000100000000)
  region size 1024K, 55 young (56320K), 1 survivors (1024K)
 Metaspace       used 140866K, committed 142016K, reserved 1179648K
  class space    used 19948K, committed 20480K, reserved 1048576K
}
Event: 60.617 GC heap after
{Heap after GC invocations=86 (full 0):
 garbage-first heap   total 541696K, used 224099K [0x0000000080000000, 0x0000000100000000)
  region size 1024K, 2 young (2048K), 2 survivors (2048K)
 Metaspace       used 140866K, committed 142016K, reserved 1179648K
  class space    used 19948K, committed 20480K, reserved 1048576K
}
Event: 272.976 GC heap before
{Heap before GC invocations=86 (full 0):
 garbage-first heap   total 541696K, used 248675K [0x0000000080000000, 0x0000000100000000)
  region size 1024K, 26 young (26624K), 2 survivors (2048K)
 Metaspace       used 141385K, committed 142464K, reserved 1179648K
  class space    used 19973K, committed 20480K, reserved 1048576K
}
Event: 273.073 GC heap after
{Heap after GC invocations=87 (full 0):
 garbage-first heap   total 541696K, used 197837K [0x0000000080000000, 0x0000000100000000)
  region size 1024K, 2 young (2048K), 2 survivors (2048K)
 Metaspace       used 141385K, committed 142464K, reserved 1179648K
  class space    used 19973K, committed 20480K, reserved 1048576K
}

