# JRE version: Java(TM) SE Runtime Environment (17.0.12+8) (build 17.0.12+8-LTS-286)
# Java VM: Java HotSpot(TM) 64-Bit Server VM (17.0.12+8-LTS-286, mixed mode, sharing, tiered, compressed oops, compressed class ptrs, g1 gc, windows-amd64)
GC Precious Log:
 CPUs: 12 total, 12 available
 Memory: 7502M
 Large Page Support: Disabled
 NUMA Support: Disabled
 Compressed Oops: Enabled (32-bit)
 Heap Region Size: 1M
 Heap Min Capacity: 8M
 Heap Initial Capacity: 118M
 Heap Max Capacity: 2G
 Pre-touch: Disabled
 Parallel Workers: 10
 Concurrent Workers: 3
 Concurrent Refinement Workers: 10
 Periodic GC: Disabled
Heap:
 garbage-first heap   total 89088K, used 62795K [0x0000000080000000, 0x0000000100000000)
  region size 1024K, 38 young (38912K), 6 survivors (6144K)
 Metaspace       used 33340K, committed 33664K, reserved 1114112K
  class space    used 4705K, committed 4864K, reserved 1048576K
GC Heap History (14 events):
Event: 0.639 GC heap before
{Heap before GC invocations=0 (full 0):
 garbage-first heap   total 120832K, used 23552K [0x0000000080000000, 0x0000000100000000)
  region size 1024K, 23 young (23552K), 0 survivors (0K)
 Metaspace       used 1072K, committed 1216K, reserved 1114112K
  class space    used 73K, committed 128K, reserved 1048576K
}
Event: 0.645 GC heap after
{Heap after GC invocations=1 (full 0):
 garbage-first heap   total 120832K, used 3192K [0x0000000080000000, 0x0000000100000000)
  region size 1024K, 3 young (3072K), 3 survivors (3072K)
 Metaspace       used 1072K, committed 1216K, reserved 1114112K
  class space    used 73K, committed 128K, reserved 1048576K
}
Event: 1.566 GC heap before
{Heap before GC invocations=1 (full 0):
 garbage-first heap   total 120832K, used 40056K [0x0000000080000000, 0x0000000100000000)
  region size 1024K, 36 young (36864K), 3 survivors (3072K)
 Metaspace       used 4370K, committed 4544K, reserved 1114112K
  class space    used 541K, committed 640K, reserved 1048576K
}
Event: 1.575 GC heap after
{Heap after GC invocations=2 (full 0):
 garbage-first heap   total 120832K, used 10978K [0x0000000080000000, 0x0000000100000000)
  region size 1024K, 5 young (5120K), 5 survivors (5120K)
 Metaspace       used 4370K, committed 4544K, reserved 1114112K
  class space    used 541K, committed 640K, reserved 1048576K
}
Event: 2.296 GC heap before
{Heap before GC invocations=2 (full 0):
 garbage-first heap   total 120832K, used 59106K [0x0000000080000000, 0x0000000100000000)
  region size 1024K, 50 young (51200K), 5 survivors (5120K)
 Metaspace       used 4543K, committed 4736K, reserved 1114112K
  class space    used 551K, committed 640K, reserved 1048576K
}
Event: 2.303 GC heap after
{Heap after GC invocations=3 (full 0):
 garbage-first heap   total 120832K, used 16415K [0x0000000080000000, 0x0000000100000000)
  region size 1024K, 5 young (5120K), 5 survivors (5120K)
 Metaspace       used 4543K, committed 4736K, reserved 1114112K
  class space    used 551K, committed 640K, reserved 1048576K
}
Event: 4.490 GC heap before
{Heap before GC invocations=3 (full 0):
 garbage-first heap   total 120832K, used 82975K [0x0000000080000000, 0x0000000100000000)
  region size 1024K, 70 young (71680K), 5 survivors (5120K)
 Metaspace       used 16210K, committed 16448K, reserved 1114112K
  class space    used 2284K, committed 2432K, reserved 1048576K
}
Event: 4.498 GC heap after
{Heap after GC invocations=4 (full 0):
 garbage-first heap   total 120832K, used 21544K [0x0000000080000000, 0x0000000100000000)
  region size 1024K, 9 young (9216K), 9 survivors (9216K)
 Metaspace       used 16210K, committed 16448K, reserved 1114112K
  class space    used 2284K, committed 2432K, reserved 1048576K
}
Event: 5.480 GC heap before
{Heap before GC invocations=4 (full 0):
 garbage-first heap   total 120832K, used 65576K [0x0000000080000000, 0x0000000100000000)
  region size 1024K, 53 young (54272K), 9 survivors (9216K)
 Metaspace       used 21217K, committed 21504K, reserved 1114112K
  class space    used 3107K, committed 3264K, reserved 1048576K
}
Event: 5.488 GC heap after
{Heap after GC invocations=5 (full 0):
 garbage-first heap   total 120832K, used 24804K [0x0000000080000000, 0x0000000100000000)
  region size 1024K, 4 young (4096K), 4 survivors (4096K)
 Metaspace       used 21217K, committed 21504K, reserved 1114112K
  class space    used 3107K, committed 3264K, reserved 1048576K
}
Event: 6.527 GC heap before
{Heap before GC invocations=6 (full 0):
 garbage-first heap   total 89088K, used 73956K [0x0000000080000000, 0x0000000100000000)
  region size 1024K, 52 young (53248K), 4 survivors (4096K)
 Metaspace       used 27317K, committed 27648K, reserved 1114112K
  class space    used 4045K, committed 4224K, reserved 1048576K
}
Event: 6.531 GC heap after
{Heap after GC invocations=7 (full 0):
 garbage-first heap   total 89088K, used 26375K [0x0000000080000000, 0x0000000100000000)
  region size 1024K, 5 young (5120K), 5 survivors (5120K)
 Metaspace       used 27317K, committed 27648K, reserved 1114112K
  class space    used 4045K, committed 4224K, reserved 1048576K
}
Event: 7.017 GC heap before
{Heap before GC invocations=7 (full 0):
 garbage-first heap   total 89088K, used 66311K [0x0000000080000000, 0x0000000100000000)
  region size 1024K, 45 young (46080K), 5 survivors (5120K)
 Metaspace       used 32629K, committed 33024K, reserved 1114112K
  class space    used 4612K, committed 4800K, reserved 1048576K
}
Event: 7.022 GC heap after
{Heap after GC invocations=8 (full 0):
 garbage-first heap   total 89088K, used 31051K [0x0000000080000000, 0x0000000100000000)
  region size 1024K, 6 young (6144K), 6 survivors (6144K)
 Metaspace       used 32629K, committed 33024K, reserved 1114112K
  class space    used 4612K, committed 4800K, reserved 1048576K
}

