# JRE version: Java(TM) SE Runtime Environment (17.0.12+8) (build 17.0.12+8-LTS-286)
# Java VM: Java HotSpot(TM) 64-Bit Server VM (17.0.12+8-LTS-286, mixed mode, sharing, tiered, compressed oops, compressed class ptrs, g1 gc, windows-amd64)
GC Precious Log:
 CPUs: 12 total, 12 available
 Memory: 7502M
 Large Page Support: Disabled
 NUMA Support: Disabled
 Compressed Oops: Enabled (32-bit)
 Heap Region Size: 1M
 Heap Min Capacity: 8M
 Heap Initial Capacity: 118M
 Heap Max Capacity: 2G
 Pre-touch: Disabled
 Parallel Workers: 10
 Concurrent Workers: 3
 Concurrent Refinement Workers: 10
 Periodic GC: Disabled
Heap:
 garbage-first heap   total 460800K, used 431563K [0x0000000080000000, 0x0000000100000000)
  region size 1024K, 162 young (165888K), 5 survivors (5120K)
 Metaspace       used 130145K, committed 131328K, reserved 1179648K
  class space    used 17923K, committed 18496K, reserved 1048576K
GC Heap History (20 events):
Event: 33.456 GC heap before
{Heap before GC invocations=58 (full 0):
 garbage-first heap   total 215040K, used 153978K [0x0000000080000000, 0x0000000100000000)
  region size 1024K, 15 young (15360K), 6 survivors (6144K)
 Metaspace       used 121822K, committed 122880K, reserved 1179648K
  class space    used 17247K, committed 17792K, reserved 1048576K
}
Event: 33.464 GC heap after
{Heap after GC invocations=59 (full 0):
 garbage-first heap   total 215040K, used 147524K [0x0000000080000000, 0x0000000100000000)
  region size 1024K, 5 young (5120K), 5 survivors (5120K)
 Metaspace       used 121822K, committed 122880K, reserved 1179648K
  class space    used 17247K, committed 17792K, reserved 1048576K
}
Event: 33.500 GC heap before
{Heap before GC invocations=59 (full 0):
 garbage-first heap   total 215040K, used 206916K [0x0000000080000000, 0x0000000100000000)
  region size 1024K, 6 young (6144K), 5 survivors (5120K)
 Metaspace       used 121822K, committed 122880K, reserved 1179648K
  class space    used 17247K, committed 17792K, reserved 1048576K
}
Event: 33.504 GC heap after
{Heap after GC invocations=60 (full 0):
 garbage-first heap   total 215040K, used 174213K [0x0000000080000000, 0x0000000100000000)
  region size 1024K, 1 young (1024K), 1 survivors (1024K)
 Metaspace       used 121822K, committed 122880K, reserved 1179648K
  class space    used 17247K, committed 17792K, reserved 1048576K
}
Event: 33.528 GC heap before
{Heap before GC invocations=60 (full 0):
 garbage-first heap   total 215040K, used 211077K [0x0000000080000000, 0x0000000100000000)
  region size 1024K, 2 young (2048K), 1 survivors (1024K)
 Metaspace       used 121822K, committed 122880K, reserved 1179648K
  class space    used 17247K, committed 17792K, reserved 1048576K
}
Event: 33.531 GC heap after
{Heap after GC invocations=61 (full 0):
 garbage-first heap   total 288768K, used 176066K [0x0000000080000000, 0x0000000100000000)
  region size 1024K, 1 young (1024K), 1 survivors (1024K)
 Metaspace       used 121822K, committed 122880K, reserved 1179648K
  class space    used 17247K, committed 17792K, reserved 1048576K
}
Event: 213.257 GC heap before
{Heap before GC invocations=62 (full 0):
 garbage-first heap   total 317440K, used 254914K [0x0000000080000000, 0x0000000100000000)
  region size 1024K, 68 young (69632K), 1 survivors (1024K)
 Metaspace       used 127467K, committed 128512K, reserved 1179648K
  class space    used 17817K, committed 18304K, reserved 1048576K
}
Event: 213.431 GC heap after
{Heap after GC invocations=63 (full 0):
 garbage-first heap   total 317440K, used 133906K [0x0000000080000000, 0x0000000100000000)
  region size 1024K, 2 young (2048K), 2 survivors (2048K)
 Metaspace       used 127467K, committed 128512K, reserved 1179648K
  class space    used 17817K, committed 18304K, reserved 1048576K
}
Event: 213.565 GC heap before
{Heap before GC invocations=63 (full 0):
 garbage-first heap   total 317440K, used 147218K [0x0000000080000000, 0x0000000100000000)
  region size 1024K, 15 young (15360K), 2 survivors (2048K)
 Metaspace       used 127467K, committed 128512K, reserved 1179648K
  class space    used 17817K, committed 18304K, reserved 1048576K
}
Event: 213.612 GC heap after
{Heap after GC invocations=64 (full 0):
 garbage-first heap   total 317440K, used 132217K [0x0000000080000000, 0x0000000100000000)
  region size 1024K, 1 young (1024K), 1 survivors (1024K)
 Metaspace       used 127467K, committed 128512K, reserved 1179648K
  class space    used 17817K, committed 18304K, reserved 1048576K
}
Event: 223.161 GC heap before
{Heap before GC invocations=64 (full 0):
 garbage-first heap   total 317440K, used 272505K [0x0000000080000000, 0x0000000100000000)
  region size 1024K, 138 young (141312K), 1 survivors (1024K)
 Metaspace       used 128667K, committed 129856K, reserved 1179648K
  class space    used 17868K, committed 18432K, reserved 1048576K
}
Event: 223.328 GC heap after
{Heap after GC invocations=65 (full 0):
 garbage-first heap   total 317440K, used 145846K [0x0000000080000000, 0x0000000100000000)
  region size 1024K, 14 young (14336K), 14 survivors (14336K)
 Metaspace       used 128667K, committed 129856K, reserved 1179648K
  class space    used 17868K, committed 18432K, reserved 1048576K
}
Event: 223.817 GC heap before
{Heap before GC invocations=65 (full 0):
 garbage-first heap   total 317440K, used 158134K [0x0000000080000000, 0x0000000100000000)
  region size 1024K, 28 young (28672K), 14 survivors (14336K)
 Metaspace       used 128899K, committed 130048K, reserved 1179648K
  class space    used 17872K, committed 18432K, reserved 1048576K
}
Event: 223.942 GC heap after
{Heap after GC invocations=66 (full 0):
 garbage-first heap   total 317440K, used 147330K [0x0000000080000000, 0x0000000100000000)
  region size 1024K, 2 young (2048K), 2 survivors (2048K)
 Metaspace       used 128899K, committed 130048K, reserved 1179648K
  class space    used 17872K, committed 18432K, reserved 1048576K
}
Event: 403.356 GC heap before
{Heap before GC invocations=67 (full 0):
 garbage-first heap   total 454656K, used 380802K [0x0000000080000000, 0x0000000100000000)
  region size 1024K, 112 young (114688K), 2 survivors (2048K)
 Metaspace       used 129146K, committed 130240K, reserved 1179648K
  class space    used 17867K, committed 18432K, reserved 1048576K
}
Event: 403.387 GC heap after
{Heap after GC invocations=68 (full 0):
 garbage-first heap   total 454656K, used 155164K [0x0000000080000000, 0x0000000100000000)
  region size 1024K, 10 young (10240K), 10 survivors (10240K)
 Metaspace       used 129146K, committed 130240K, reserved 1179648K
  class space    used 17867K, committed 18432K, reserved 1048576K
}
Event: 403.593 GC heap before
{Heap before GC invocations=68 (full 0):
 garbage-first heap   total 454656K, used 166428K [0x0000000080000000, 0x0000000100000000)
  region size 1024K, 22 young (22528K), 10 survivors (10240K)
 Metaspace       used 129168K, committed 130304K, reserved 1179648K
  class space    used 17869K, committed 18432K, reserved 1048576K
}
Event: 403.647 GC heap after
{Heap after GC invocations=69 (full 0):
 garbage-first heap   total 454656K, used 152325K [0x0000000080000000, 0x0000000100000000)
  region size 1024K, 3 young (3072K), 3 survivors (3072K)
 Metaspace       used 129168K, committed 130304K, reserved 1179648K
  class space    used 17869K, committed 18432K, reserved 1048576K
}
Event: 411.334 GC heap before
{Heap before GC invocations=69 (full 0):
 garbage-first heap   total 454656K, used 224005K [0x0000000080000000, 0x0000000100000000)
  region size 1024K, 75 young (76800K), 3 survivors (3072K)
 Metaspace       used 129643K, committed 130752K, reserved 1179648K
  class space    used 17888K, committed 18432K, reserved 1048576K
}
Event: 411.357 GC heap after
{Heap after GC invocations=70 (full 0):
 garbage-first heap   total 454656K, used 155083K [0x0000000080000000, 0x0000000100000000)
  region size 1024K, 5 young (5120K), 5 survivors (5120K)
 Metaspace       used 129643K, committed 130752K, reserved 1179648K
  class space    used 17888K, committed 18432K, reserved 1048576K
}

