# JRE version: Java(TM) SE Runtime Environment (17.0.12+8) (build 17.0.12+8-LTS-286)
# Java VM: Java HotSpot(TM) 64-Bit Server VM (17.0.12+8-LTS-286, mixed mode, sharing, tiered, compressed oops, compressed class ptrs, g1 gc, windows-amd64)
GC Precious Log:
 CPUs: 12 total, 12 available
 Memory: 7502M
 Large Page Support: Disabled
 NUMA Support: Disabled
 Compressed Oops: Enabled (32-bit)
 Heap Region Size: 1M
 Heap Min Capacity: 8M
 Heap Initial Capacity: 118M
 Heap Max Capacity: 1876M
 Pre-touch: Disabled
 Parallel Workers: 10
 Concurrent Workers: 3
 Concurrent Refinement Workers: 10
 Periodic GC: Disabled
Heap:
 garbage-first heap   total 208896K, used 140290K [0x000000008ac00000, 0x0000000100000000)
  region size 1024K, 21 young (21504K), 2 survivors (2048K)
 Metaspace       used 63469K, committed 63808K, reserved 1114112K
  class space    used 7115K, committed 7232K, reserved 1048576K
GC Heap History (20 events):
Event: 8.955 GC heap before
{Heap before GC invocations=15 (full 0):
 garbage-first heap   total 92160K, used 56997K [0x000000008ac00000, 0x0000000100000000)
  region size 1024K, 4 young (4096K), 3 survivors (3072K)
 Metaspace       used 43133K, committed 43456K, reserved 1114112K
  class space    used 5215K, committed 5376K, reserved 1048576K
}
Event: 8.962 GC heap after
{Heap after GC invocations=16 (full 0):
 garbage-first heap   total 92160K, used 56047K [0x000000008ac00000, 0x0000000100000000)
  region size 1024K, 1 young (1024K), 1 survivors (1024K)
 Metaspace       used 43133K, committed 43456K, reserved 1114112K
  class space    used 5215K, committed 5376K, reserved 1048576K
}
Event: 9.118 GC heap before
{Heap before GC invocations=16 (full 0):
 garbage-first heap   total 92160K, used 71407K [0x000000008ac00000, 0x0000000100000000)
  region size 1024K, 16 young (16384K), 1 survivors (1024K)
 Metaspace       used 43231K, committed 43520K, reserved 1114112K
  class space    used 5221K, committed 5376K, reserved 1048576K
}
Event: 9.131 GC heap after
{Heap after GC invocations=17 (full 0):
 garbage-first heap   total 92160K, used 60371K [0x000000008ac00000, 0x0000000100000000)
  region size 1024K, 2 young (2048K), 2 survivors (2048K)
 Metaspace       used 43231K, committed 43520K, reserved 1114112K
  class space    used 5221K, committed 5376K, reserved 1048576K
}
Event: 9.418 GC heap before
{Heap before GC invocations=18 (full 0):
 garbage-first heap   total 104448K, used 72659K [0x000000008ac00000, 0x0000000100000000)
  region size 1024K, 15 young (15360K), 2 survivors (2048K)
 Metaspace       used 43703K, committed 44032K, reserved 1114112K
  class space    used 5274K, committed 5440K, reserved 1048576K
}
Event: 9.432 GC heap after
{Heap after GC invocations=19 (full 0):
 garbage-first heap   total 104448K, used 62139K [0x000000008ac00000, 0x0000000100000000)
  region size 1024K, 2 young (2048K), 2 survivors (2048K)
 Metaspace       used 43703K, committed 44032K, reserved 1114112K
  class space    used 5274K, committed 5440K, reserved 1048576K
}
Event: 9.520 GC heap before
{Heap before GC invocations=19 (full 0):
 garbage-first heap   total 104448K, used 65211K [0x000000008ac00000, 0x0000000100000000)
  region size 1024K, 5 young (5120K), 2 survivors (2048K)
 Metaspace       used 43733K, committed 44096K, reserved 1114112K
  class space    used 5274K, committed 5440K, reserved 1048576K
}
Event: 9.530 GC heap after
{Heap after GC invocations=20 (full 0):
 garbage-first heap   total 208896K, used 63121K [0x000000008ac00000, 0x0000000100000000)
  region size 1024K, 1 young (1024K), 1 survivors (1024K)
 Metaspace       used 43733K, committed 44096K, reserved 1114112K
  class space    used 5274K, committed 5440K, reserved 1048576K
}
Event: 9.946 GC heap before
{Heap before GC invocations=20 (full 0):
 garbage-first heap   total 208896K, used 141969K [0x000000008ac00000, 0x0000000100000000)
  region size 1024K, 78 young (79872K), 1 survivors (1024K)
 Metaspace       used 43787K, committed 44096K, reserved 1114112K
  class space    used 5277K, committed 5440K, reserved 1048576K
}
Event: 9.960 GC heap after
{Heap after GC invocations=21 (full 0):
 garbage-first heap   total 208896K, used 79827K [0x000000008ac00000, 0x0000000100000000)
  region size 1024K, 10 young (10240K), 10 survivors (10240K)
 Metaspace       used 43787K, committed 44096K, reserved 1114112K
  class space    used 5277K, committed 5440K, reserved 1048576K
}
Event: 11.133 GC heap before
{Heap before GC invocations=21 (full 0):
 garbage-first heap   total 208896K, used 143315K [0x000000008ac00000, 0x0000000100000000)
  region size 1024K, 72 young (73728K), 10 survivors (10240K)
 Metaspace       used 46347K, committed 46656K, reserved 1114112K
  class space    used 5517K, committed 5632K, reserved 1048576K
}
Event: 11.149 GC heap after
{Heap after GC invocations=22 (full 0):
 garbage-first heap   total 208896K, used 93432K [0x000000008ac00000, 0x0000000100000000)
  region size 1024K, 9 young (9216K), 9 survivors (9216K)
 Metaspace       used 46347K, committed 46656K, reserved 1114112K
  class space    used 5517K, committed 5632K, reserved 1048576K
}
Event: 12.977 GC heap before
{Heap before GC invocations=22 (full 0):
 garbage-first heap   total 208896K, used 150776K [0x000000008ac00000, 0x0000000100000000)
  region size 1024K, 65 young (66560K), 9 survivors (9216K)
 Metaspace       used 49830K, committed 50112K, reserved 1114112K
  class space    used 5811K, committed 5952K, reserved 1048576K
}
Event: 13.001 GC heap after
{Heap after GC invocations=23 (full 0):
 garbage-first heap   total 208896K, used 106451K [0x000000008ac00000, 0x0000000100000000)
  region size 1024K, 9 young (9216K), 9 survivors (9216K)
 Metaspace       used 49830K, committed 50112K, reserved 1114112K
  class space    used 5811K, committed 5952K, reserved 1048576K
}
Event: 14.384 GC heap before
{Heap before GC invocations=23 (full 0):
 garbage-first heap   total 208896K, used 156627K [0x000000008ac00000, 0x0000000100000000)
  region size 1024K, 58 young (59392K), 9 survivors (9216K)
 Metaspace       used 55604K, committed 55872K, reserved 1114112K
  class space    used 6275K, committed 6400K, reserved 1048576K
}
Event: 14.407 GC heap after
{Heap after GC invocations=24 (full 0):
 garbage-first heap   total 208896K, used 114015K [0x000000008ac00000, 0x0000000100000000)
  region size 1024K, 7 young (7168K), 7 survivors (7168K)
 Metaspace       used 55604K, committed 55872K, reserved 1114112K
  class space    used 6275K, committed 6400K, reserved 1048576K
}
Event: 15.970 GC heap before
{Heap before GC invocations=25 (full 0):
 garbage-first heap   total 208896K, used 161119K [0x000000008ac00000, 0x0000000100000000)
  region size 1024K, 53 young (54272K), 7 survivors (7168K)
 Metaspace       used 59754K, committed 60032K, reserved 1114112K
  class space    used 6760K, committed 6912K, reserved 1048576K
}
Event: 15.992 GC heap after
{Heap after GC invocations=26 (full 0):
 garbage-first heap   total 208896K, used 121284K [0x000000008ac00000, 0x0000000100000000)
  region size 1024K, 7 young (7168K), 7 survivors (7168K)
 Metaspace       used 59754K, committed 60032K, reserved 1114112K
  class space    used 6760K, committed 6912K, reserved 1048576K
}
Event: 16.126 GC heap before
{Heap before GC invocations=26 (full 0):
 garbage-first heap   total 208896K, used 123332K [0x000000008ac00000, 0x0000000100000000)
  region size 1024K, 10 young (10240K), 7 survivors (7168K)
 Metaspace       used 60380K, committed 60736K, reserved 1114112K
  class space    used 6829K, committed 6976K, reserved 1048576K
}
Event: 16.139 GC heap after
{Heap after GC invocations=27 (full 0):
 garbage-first heap   total 208896K, used 121858K [0x000000008ac00000, 0x0000000100000000)
  region size 1024K, 2 young (2048K), 2 survivors (2048K)
 Metaspace       used 60380K, committed 60736K, reserved 1114112K
  class space    used 6829K, committed 6976K, reserved 1048576K
}

